Sending build context to Docker daemon 6.144 kBSending build context to Docker daemon 6.144 kB
Step 1 : FROM registry.access.redhat.com/rhel7:latest
Trying to pull repository registry.access.redhat.com/rhel7 ... c453594215e4: Pulling image (latest) from registry.access.redhat.com/rhel7
c453594215e4: Pulling image (latest) from registry.access.redhat.com/rhel7, endpoint: https://registry.access.redhat.com/v1/
c453594215e4: Pulling dependent layers
c453594215e4: Download complete
c453594215e4: Download complete
Status: Image is up to date for registry.access.redhat.com/rhel7:latest
registry.access.redhat.com/rhel7: this image was pulled from a legacy registry.  Important: This registry version will not be supported in future versions of docker.

 ---> c453594215e4
Step 2 : MAINTAINER John Call <johnsimcall@gmail.com>
 ---> Running in 89286383379e
 ---> 4115935a6b06
Removing intermediate container 89286383379e
Step 3 : LABEL com.ubnt.controller "5.0.7"
 ---> Running in 461e607ae48c
 ---> bebc437de7da
Removing intermediate container 461e607ae48c
Step 4 : ADD https://www.ubnt.com/downloads/unifi/5.0.7/UniFi.unix.zip /opt/UniFi/

 ---> 8fdfb20205e5
Removing intermediate container bc5c89abb698
Step 5 : ADD shutdown-unifi.sh /opt/UniFi/
 ---> b4aeb5287b68
Removing intermediate container eacd89f92d6a
Step 6 : ADD https://help.ubnt.com/hc/en-us/article_attachments/204082688/mongo_prune_js.js /opt/UniFi/


 ---> e6976dfb8e4e
Removing intermediate container 144a10e1973a
Step 7 : RUN yum clean all &&  yum -y --disablerepo="*"  --enablerepo=rhel-7-server-rpms  --enablerepo=rhel-7-server-thirdparty-oracle-java-rpms  --enablerepo=rhel-server-rhscl-7-rpms  install unzip java-1.8.0-oracle rh-mongodb26-mongodb-server &&  yum clean all
 ---> Running in e2a1ceabe2a6
Loaded plugins: ovl, product-id, search-disabled-repos, subscription-manager
Cleaning repos: rhel-7-server-aus-rpms rhel-7-server-eus-rpms
              : rhel-7-server-htb-rpms rhel-7-server-nfv-rpms rhel-7-server-rpms
              : rhel-7-server-rt-beta-rpms rhel-7-server-rt-htb-rpms
              : rhel-7-server-rt-rpms rhel-ha-for-rhel-7-server-eus-rpms
              : rhel-ha-for-rhel-7-server-htb-rpms
              : rhel-ha-for-rhel-7-server-rpms
              : rhel-lb-for-rhel-7-server-htb-rpms
              : rhel-rs-for-rhel-7-server-eus-rpms
              : rhel-rs-for-rhel-7-server-htb-rpms
              : rhel-rs-for-rhel-7-server-rpms rhel-sap-for-rhel-7-server-rpms
              : rhel-sap-hana-for-rhel-7-server-rpms
              : rhel-sjis-for-rhel-7-server-rpms
Cleaning up everything
Loaded plugins: ovl, product-id, search-disabled-repos, subscription-manager
Resolving Dependencies
--> Running transaction check
---> Package java-1.8.0-oracle.x86_64 1:1.8.0.91-1jpp.1.el7 will be installed
--> Processing Dependency: jpackage-utils >= 1.5.38 for package: 1:java-1.8.0-oracle-1.8.0.91-1jpp.1.el7.x86_64
--> Processing Dependency: perl for package: 1:java-1.8.0-oracle-1.8.0.91-1jpp.1.el7.x86_64
--> Processing Dependency: perl for package: 1:java-1.8.0-oracle-1.8.0.91-1jpp.1.el7.x86_64
--> Processing Dependency: libasound.so.2(ALSA_0.9.0rc4)(64bit) for package: 1:java-1.8.0-oracle-1.8.0.91-1jpp.1.el7.x86_64
--> Processing Dependency: libasound.so.2(ALSA_0.9)(64bit) for package: 1:java-1.8.0-oracle-1.8.0.91-1jpp.1.el7.x86_64
--> Processing Dependency: desktop-file-utils for package: 1:java-1.8.0-oracle-1.8.0.91-1jpp.1.el7.x86_64
--> Processing Dependency: desktop-file-utils for package: 1:java-1.8.0-oracle-1.8.0.91-1jpp.1.el7.x86_64
--> Processing Dependency: libpangoft2-1.0.so.0()(64bit) for package: 1:java-1.8.0-oracle-1.8.0.91-1jpp.1.el7.x86_64
--> Processing Dependency: libpangocairo-1.0.so.0()(64bit) for package: 1:java-1.8.0-oracle-1.8.0.91-1jpp.1.el7.x86_64
--> Processing Dependency: libpango-1.0.so.0()(64bit) for package: 1:java-1.8.0-oracle-1.8.0.91-1jpp.1.el7.x86_64
--> Processing Dependency: libgtk-x11-2.0.so.0()(64bit) for package: 1:java-1.8.0-oracle-1.8.0.91-1jpp.1.el7.x86_64
--> Processing Dependency: libgdk_pixbuf-2.0.so.0()(64bit) for package: 1:java-1.8.0-oracle-1.8.0.91-1jpp.1.el7.x86_64
--> Processing Dependency: libgdk-x11-2.0.so.0()(64bit) for package: 1:java-1.8.0-oracle-1.8.0.91-1jpp.1.el7.x86_64
--> Processing Dependency: libfreetype.so.6()(64bit) for package: 1:java-1.8.0-oracle-1.8.0.91-1jpp.1.el7.x86_64
--> Processing Dependency: libfontconfig.so.1()(64bit) for package: 1:java-1.8.0-oracle-1.8.0.91-1jpp.1.el7.x86_64
--> Processing Dependency: libcairo.so.2()(64bit) for package: 1:java-1.8.0-oracle-1.8.0.91-1jpp.1.el7.x86_64
--> Processing Dependency: libatk-1.0.so.0()(64bit) for package: 1:java-1.8.0-oracle-1.8.0.91-1jpp.1.el7.x86_64
--> Processing Dependency: libasound.so.2()(64bit) for package: 1:java-1.8.0-oracle-1.8.0.91-1jpp.1.el7.x86_64
--> Processing Dependency: libXxf86vm.so.1()(64bit) for package: 1:java-1.8.0-oracle-1.8.0.91-1jpp.1.el7.x86_64
--> Processing Dependency: libXtst.so.6()(64bit) for package: 1:java-1.8.0-oracle-1.8.0.91-1jpp.1.el7.x86_64
--> Processing Dependency: libXrender.so.1()(64bit) for package: 1:java-1.8.0-oracle-1.8.0.91-1jpp.1.el7.x86_64
--> Processing Dependency: libXi.so.6()(64bit) for package: 1:java-1.8.0-oracle-1.8.0.91-1jpp.1.el7.x86_64
--> Processing Dependency: libXext.so.6()(64bit) for package: 1:java-1.8.0-oracle-1.8.0.91-1jpp.1.el7.x86_64
--> Processing Dependency: libX11.so.6()(64bit) for package: 1:java-1.8.0-oracle-1.8.0.91-1jpp.1.el7.x86_64
--> Processing Dependency: libGL.so.1()(64bit) for package: 1:java-1.8.0-oracle-1.8.0.91-1jpp.1.el7.x86_64
---> Package rh-mongodb26-mongodb-server.x86_64 0:2.6.9-1.el7 will be installed
--> Processing Dependency: rh-mongodb26-runtime for package: rh-mongodb26-mongodb-server-2.6.9-1.el7.x86_64
--> Processing Dependency: v8314-v8 for package: rh-mongodb26-mongodb-server-2.6.9-1.el7.x86_64
--> Processing Dependency: libboost_filesystem-mt.so.1.53.0()(64bit) for package: rh-mongodb26-mongodb-server-2.6.9-1.el7.x86_64
--> Processing Dependency: libboost_program_options-mt.so.1.53.0()(64bit) for package: rh-mongodb26-mongodb-server-2.6.9-1.el7.x86_64
--> Processing Dependency: libboost_system-mt.so.1.53.0()(64bit) for package: rh-mongodb26-mongodb-server-2.6.9-1.el7.x86_64
--> Processing Dependency: libboost_thread-mt.so.1.53.0()(64bit) for package: rh-mongodb26-mongodb-server-2.6.9-1.el7.x86_64
--> Processing Dependency: libsnappy.so.1()(64bit) for package: rh-mongodb26-mongodb-server-2.6.9-1.el7.x86_64
--> Processing Dependency: libstemmer.so.rh-mongodb26-0()(64bit) for package: rh-mongodb26-mongodb-server-2.6.9-1.el7.x86_64
--> Processing Dependency: libtcmalloc.so.rh-mongodb26-4()(64bit) for package: rh-mongodb26-mongodb-server-2.6.9-1.el7.x86_64
--> Processing Dependency: libv8.so.v8314-3.14.5()(64bit) for package: rh-mongodb26-mongodb-server-2.6.9-1.el7.x86_64
--> Processing Dependency: libyaml-cpp.so.rh-mongodb26-0.5()(64bit) for package: rh-mongodb26-mongodb-server-2.6.9-1.el7.x86_64
---> Package unzip.x86_64 0:6.0-15.el7 will be installed
--> Running transaction check
---> Package alsa-lib.x86_64 0:1.0.28-2.el7 will be installed
---> Package atk.x86_64 0:2.14.0-1.el7 will be installed
---> Package boost-filesystem.x86_64 0:1.53.0-25.el7 will be installed
---> Package boost-program-options.x86_64 0:1.53.0-25.el7 will be installed
---> Package boost-system.x86_64 0:1.53.0-25.el7 will be installed
---> Package boost-thread.x86_64 0:1.53.0-25.el7 will be installed
---> Package cairo.x86_64 0:1.14.2-1.el7 will be installed
--> Processing Dependency: libpng15.so.15(PNG15_0)(64bit) for package: cairo-1.14.2-1.el7.x86_64
--> Processing Dependency: libxcb.so.1()(64bit) for package: cairo-1.14.2-1.el7.x86_64
--> Processing Dependency: libxcb-shm.so.0()(64bit) for package: cairo-1.14.2-1.el7.x86_64
--> Processing Dependency: libxcb-render.so.0()(64bit) for package: cairo-1.14.2-1.el7.x86_64
--> Processing Dependency: libpng15.so.15()(64bit) for package: cairo-1.14.2-1.el7.x86_64
--> Processing Dependency: libpixman-1.so.0()(64bit) for package: cairo-1.14.2-1.el7.x86_64
--> Processing Dependency: libEGL.so.1()(64bit) for package: cairo-1.14.2-1.el7.x86_64
---> Package desktop-file-utils.x86_64 0:0.22-1.el7 will be installed
--> Processing Dependency: emacs-filesystem for package: desktop-file-utils-0.22-1.el7.x86_64
---> Package fontconfig.x86_64 0:2.10.95-7.el7 will be installed
--> Processing Dependency: fontpackages-filesystem for package: fontconfig-2.10.95-7.el7.x86_64
---> Package freetype.x86_64 0:2.4.11-11.el7 will be installed
---> Package gdk-pixbuf2.x86_64 0:2.31.6-3.el7 will be installed
--> Processing Dependency: libtiff.so.5(LIBTIFF_4.0)(64bit) for package: gdk-pixbuf2-2.31.6-3.el7.x86_64
--> Processing Dependency: libjpeg.so.62(LIBJPEG_6.2)(64bit) for package: gdk-pixbuf2-2.31.6-3.el7.x86_64
--> Processing Dependency: libtiff.so.5()(64bit) for package: gdk-pixbuf2-2.31.6-3.el7.x86_64
--> Processing Dependency: libjpeg.so.62()(64bit) for package: gdk-pixbuf2-2.31.6-3.el7.x86_64
--> Processing Dependency: libjasper.so.1()(64bit) for package: gdk-pixbuf2-2.31.6-3.el7.x86_64
---> Package gtk2.x86_64 0:2.24.28-8.el7 will be installed
--> Processing Dependency: libXrandr >= 1.2.99.4-2 for package: gtk2-2.24.28-8.el7.x86_64
--> Processing Dependency: hicolor-icon-theme for package: gtk2-2.24.28-8.el7.x86_64
--> Processing Dependency: libcups.so.2()(64bit) for package: gtk2-2.24.28-8.el7.x86_64
--> Processing Dependency: libXrandr.so.2()(64bit) for package: gtk2-2.24.28-8.el7.x86_64
--> Processing Dependency: libXinerama.so.1()(64bit) for package: gtk2-2.24.28-8.el7.x86_64
--> Processing Dependency: libXfixes.so.3()(64bit) for package: gtk2-2.24.28-8.el7.x86_64
--> Processing Dependency: libXdamage.so.1()(64bit) for package: gtk2-2.24.28-8.el7.x86_64
--> Processing Dependency: libXcursor.so.1()(64bit) for package: gtk2-2.24.28-8.el7.x86_64
--> Processing Dependency: libXcomposite.so.1()(64bit) for package: gtk2-2.24.28-8.el7.x86_64
---> Package javapackages-tools.noarch 0:3.4.1-11.el7 will be installed
--> Processing Dependency: python-javapackages = 3.4.1-11.el7 for package: javapackages-tools-3.4.1-11.el7.noarch
--> Processing Dependency: libxslt for package: javapackages-tools-3.4.1-11.el7.noarch
---> Package libX11.x86_64 0:1.6.3-2.el7 will be installed
--> Processing Dependency: libX11-common >= 1.6.3-2.el7 for package: libX11-1.6.3-2.el7.x86_64
---> Package libXext.x86_64 0:1.3.3-3.el7 will be installed
---> Package libXi.x86_64 0:1.7.4-2.el7 will be installed
---> Package libXrender.x86_64 0:0.9.8-2.1.el7 will be installed
---> Package libXtst.x86_64 0:1.2.2-2.1.el7 will be installed
---> Package libXxf86vm.x86_64 0:1.1.3-2.1.el7 will be installed
---> Package mesa-libGL.x86_64 0:10.6.5-3.20150824.el7 will be installed
--> Processing Dependency: mesa-libglapi = 10.6.5-3.20150824.el7 for package: mesa-libGL-10.6.5-3.20150824.el7.x86_64
--> Processing Dependency: libxshmfence.so.1()(64bit) for package: mesa-libGL-10.6.5-3.20150824.el7.x86_64
--> Processing Dependency: libglapi.so.0()(64bit) for package: mesa-libGL-10.6.5-3.20150824.el7.x86_64
--> Processing Dependency: libdrm.so.2()(64bit) for package: mesa-libGL-10.6.5-3.20150824.el7.x86_64
---> Package pango.x86_64 0:1.36.8-2.el7 will be installed
--> Processing Dependency: libthai(x86-64) >= 0.1.9 for package: pango-1.36.8-2.el7.x86_64
--> Processing Dependency: libthai.so.0(LIBTHAI_0.1)(64bit) for package: pango-1.36.8-2.el7.x86_64
--> Processing Dependency: libthai.so.0()(64bit) for package: pango-1.36.8-2.el7.x86_64
--> Processing Dependency: libharfbuzz.so.0()(64bit) for package: pango-1.36.8-2.el7.x86_64
--> Processing Dependency: libXft.so.2()(64bit) for package: pango-1.36.8-2.el7.x86_64
---> Package perl.x86_64 4:5.16.3-286.el7 will be installed
--> Processing Dependency: perl-libs = 4:5.16.3-286.el7 for package: 4:perl-5.16.3-286.el7.x86_64
--> Processing Dependency: perl(Socket) >= 1.3 for package: 4:perl-5.16.3-286.el7.x86_64
--> Processing Dependency: perl(Scalar::Util) >= 1.10 for package: 4:perl-5.16.3-286.el7.x86_64
--> Processing Dependency: perl-macros for package: 4:perl-5.16.3-286.el7.x86_64
--> Processing Dependency: perl-libs for package: 4:perl-5.16.3-286.el7.x86_64
--> Processing Dependency: perl(threads::shared) for package: 4:perl-5.16.3-286.el7.x86_64
--> Processing Dependency: perl(threads) for package: 4:perl-5.16.3-286.el7.x86_64
--> Processing Dependency: perl(constant) for package: 4:perl-5.16.3-286.el7.x86_64
--> Processing Dependency: perl(Time::Local) for package: 4:perl-5.16.3-286.el7.x86_64
--> Processing Dependency: perl(Time::HiRes) for package: 4:perl-5.16.3-286.el7.x86_64
--> Processing Dependency: perl(Storable) for package: 4:perl-5.16.3-286.el7.x86_64
--> Processing Dependency: perl(Socket) for package: 4:perl-5.16.3-286.el7.x86_64
--> Processing Dependency: perl(Scalar::Util) for package: 4:perl-5.16.3-286.el7.x86_64
--> Processing Dependency: perl(Pod::Simple::XHTML) for package: 4:perl-5.16.3-286.el7.x86_64
--> Processing Dependency: perl(Pod::Simple::Search) for package: 4:perl-5.16.3-286.el7.x86_64
--> Processing Dependency: perl(Getopt::Long) for package: 4:perl-5.16.3-286.el7.x86_64
--> Processing Dependency: perl(Filter::Util::Call) for package: 4:perl-5.16.3-286.el7.x86_64
--> Processing Dependency: perl(File::Temp) for package: 4:perl-5.16.3-286.el7.x86_64
--> Processing Dependency: perl(File::Spec::Unix) for package: 4:perl-5.16.3-286.el7.x86_64
--> Processing Dependency: perl(File::Spec::Functions) for package: 4:perl-5.16.3-286.el7.x86_64
--> Processing Dependency: perl(File::Spec) for package: 4:perl-5.16.3-286.el7.x86_64
--> Processing Dependency: perl(File::Path) for package: 4:perl-5.16.3-286.el7.x86_64
--> Processing Dependency: perl(Exporter) for package: 4:perl-5.16.3-286.el7.x86_64
--> Processing Dependency: perl(Cwd) for package: 4:perl-5.16.3-286.el7.x86_64
--> Processing Dependency: perl(Carp) for package: 4:perl-5.16.3-286.el7.x86_64
--> Processing Dependency: libperl.so()(64bit) for package: 4:perl-5.16.3-286.el7.x86_64
---> Package rh-mongodb26-gperftools-libs.x86_64 0:2.2.1-4.el7 will be installed
--> Processing Dependency: libunwind.so.rh-mongodb26-8()(64bit) for package: rh-mongodb26-gperftools-libs-2.2.1-4.el7.x86_64
---> Package rh-mongodb26-libstemmer.x86_64 0:0-4.585svn.el7 will be installed
---> Package rh-mongodb26-runtime.x86_64 0:2.0-19.el7 will be installed
--> Processing Dependency: /usr/bin/scl_source for package: rh-mongodb26-runtime-2.0-19.el7.x86_64
--> Processing Dependency: libselinux-utils for package: rh-mongodb26-runtime-2.0-19.el7.x86_64
--> Processing Dependency: policycoreutils-python for package: rh-mongodb26-runtime-2.0-19.el7.x86_64
--> Processing Dependency: rh-java-common-javapackages-tools for package: rh-mongodb26-runtime-2.0-19.el7.x86_64
--> Processing Dependency: rh-java-common-runtime for package: rh-mongodb26-runtime-2.0-19.el7.x86_64
--> Processing Dependency: scl-utils for package: rh-mongodb26-runtime-2.0-19.el7.x86_64
--> Processing Dependency: v8314-runtime for package: rh-mongodb26-runtime-2.0-19.el7.x86_64
---> Package rh-mongodb26-yaml-cpp.x86_64 0:0.5.1-9.el7 will be installed
---> Package snappy.x86_64 0:1.1.0-3.el7 will be installed
---> Package v8314-v8.x86_64 1:3.14.5.10-9.el7 will be installed
--> Running transaction check
---> Package cups-libs.x86_64 1:1.6.3-22.el7 will be installed
--> Processing Dependency: libavahi-common.so.3()(64bit) for package: 1:cups-libs-1.6.3-22.el7.x86_64
--> Processing Dependency: libavahi-client.so.3()(64bit) for package: 1:cups-libs-1.6.3-22.el7.x86_64
---> Package emacs-filesystem.noarch 1:24.3-18.el7 will be installed
---> Package fontpackages-filesystem.noarch 0:1.44-8.el7 will be installed
---> Package harfbuzz.x86_64 0:0.9.36-1.el7 will be installed
--> Processing Dependency: libgraphite2.so.3()(64bit) for package: harfbuzz-0.9.36-1.el7.x86_64
---> Package hicolor-icon-theme.noarch 0:0.12-7.el7 will be installed
---> Package jasper-libs.x86_64 0:1.900.1-29.el7 will be installed
---> Package libX11-common.noarch 0:1.6.3-2.el7 will be installed
---> Package libXcomposite.x86_64 0:0.4.4-4.1.el7 will be installed
---> Package libXcursor.x86_64 0:1.1.14-2.1.el7 will be installed
---> Package libXdamage.x86_64 0:1.1.4-4.1.el7 will be installed
---> Package libXfixes.x86_64 0:5.0.1-2.1.el7 will be installed
---> Package libXft.x86_64 0:2.3.2-2.el7 will be installed
---> Package libXinerama.x86_64 0:1.1.3-2.1.el7 will be installed
---> Package libXrandr.x86_64 0:1.4.2-2.el7 will be installed
---> Package libdrm.x86_64 0:2.4.60-3.el7 will be installed
--> Processing Dependency: libpciaccess.so.0()(64bit) for package: libdrm-2.4.60-3.el7.x86_64
---> Package libjpeg-turbo.x86_64 0:1.2.90-5.el7 will be installed
---> Package libpng.x86_64 2:1.5.13-7.el7_2 will be installed
---> Package libselinux-utils.x86_64 0:2.2.2-6.el7 will be installed
---> Package libthai.x86_64 0:0.1.14-9.el7 will be installed
---> Package libtiff.x86_64 0:4.0.3-14.el7 will be installed
--> Processing Dependency: libjbig.so.2.0()(64bit) for package: libtiff-4.0.3-14.el7.x86_64
---> Package libxcb.x86_64 0:1.11-4.el7 will be installed
--> Processing Dependency: libXau.so.6()(64bit) for package: libxcb-1.11-4.el7.x86_64
---> Package libxshmfence.x86_64 0:1.2-1.el7 will be installed
---> Package libxslt.x86_64 0:1.1.28-5.el7 will be installed
---> Package mesa-libEGL.x86_64 0:10.6.5-3.20150824.el7 will be installed
--> Processing Dependency: mesa-libgbm = 10.6.5-3.20150824.el7 for package: mesa-libEGL-10.6.5-3.20150824.el7.x86_64
--> Processing Dependency: libgbm.so.1()(64bit) for package: mesa-libEGL-10.6.5-3.20150824.el7.x86_64
---> Package mesa-libglapi.x86_64 0:10.6.5-3.20150824.el7 will be installed
---> Package perl-Carp.noarch 0:1.26-244.el7 will be installed
---> Package perl-Exporter.noarch 0:5.68-3.el7 will be installed
---> Package perl-File-Path.noarch 0:2.09-2.el7 will be installed
---> Package perl-File-Temp.noarch 0:0.23.01-3.el7 will be installed
---> Package perl-Filter.x86_64 0:1.49-3.el7 will be installed
---> Package perl-Getopt-Long.noarch 0:2.40-2.el7 will be installed
--> Processing Dependency: perl(Pod::Usage) >= 1.14 for package: perl-Getopt-Long-2.40-2.el7.noarch
--> Processing Dependency: perl(Text::ParseWords) for package: perl-Getopt-Long-2.40-2.el7.noarch
---> Package perl-PathTools.x86_64 0:3.40-5.el7 will be installed
---> Package perl-Pod-Simple.noarch 1:3.28-4.el7 will be installed
--> Processing Dependency: perl(Pod::Escapes) >= 1.04 for package: 1:perl-Pod-Simple-3.28-4.el7.noarch
--> Processing Dependency: perl(Encode) for package: 1:perl-Pod-Simple-3.28-4.el7.noarch
---> Package perl-Scalar-List-Utils.x86_64 0:1.27-248.el7 will be installed
---> Package perl-Socket.x86_64 0:2.010-3.el7 will be installed
---> Package perl-Storable.x86_64 0:2.45-3.el7 will be installed
---> Package perl-Time-HiRes.x86_64 4:1.9725-3.el7 will be installed
---> Package perl-Time-Local.noarch 0:1.2300-2.el7 will be installed
---> Package perl-constant.noarch 0:1.27-2.el7 will be installed
---> Package perl-libs.x86_64 4:5.16.3-286.el7 will be installed
---> Package perl-macros.x86_64 4:5.16.3-286.el7 will be installed
---> Package perl-threads.x86_64 0:1.87-4.el7 will be installed
---> Package perl-threads-shared.x86_64 0:1.43-6.el7 will be installed
---> Package pixman.x86_64 0:0.32.6-3.el7 will be installed
---> Package policycoreutils-python.x86_64 0:2.2.5-20.el7 will be installed
--> Processing Dependency: policycoreutils = 2.2.5-20.el7 for package: policycoreutils-python-2.2.5-20.el7.x86_64
--> Processing Dependency: libsemanage-python >= 2.1.10-1 for package: policycoreutils-python-2.2.5-20.el7.x86_64
--> Processing Dependency: audit-libs-python >= 2.1.3-4 for package: policycoreutils-python-2.2.5-20.el7.x86_64
--> Processing Dependency: python-IPy for package: policycoreutils-python-2.2.5-20.el7.x86_64
--> Processing Dependency: libselinux-python for package: policycoreutils-python-2.2.5-20.el7.x86_64
--> Processing Dependency: libqpol.so.1(VERS_1.4)(64bit) for package: policycoreutils-python-2.2.5-20.el7.x86_64
--> Processing Dependency: libqpol.so.1(VERS_1.2)(64bit) for package: policycoreutils-python-2.2.5-20.el7.x86_64
--> Processing Dependency: libcgroup for package: policycoreutils-python-2.2.5-20.el7.x86_64
--> Processing Dependency: libapol.so.4(VERS_4.0)(64bit) for package: policycoreutils-python-2.2.5-20.el7.x86_64
--> Processing Dependency: checkpolicy for package: policycoreutils-python-2.2.5-20.el7.x86_64
--> Processing Dependency: libqpol.so.1()(64bit) for package: policycoreutils-python-2.2.5-20.el7.x86_64
--> Processing Dependency: libapol.so.4()(64bit) for package: policycoreutils-python-2.2.5-20.el7.x86_64
---> Package python-javapackages.noarch 0:3.4.1-11.el7 will be installed
--> Processing Dependency: python-lxml for package: python-javapackages-3.4.1-11.el7.noarch
---> Package rh-java-common-javapackages-tools.noarch 0:4.3.2-1.11.el7 will be installed
--> Processing Dependency: rh-java-common-python-javapackages = 4.3.2-1.11.el7 for package: rh-java-common-javapackages-tools-4.3.2-1.11.el7.noarch
---> Package rh-java-common-runtime.x86_64 0:1.1-46.el7 will be installed
---> Package rh-mongodb26-libunwind.x86_64 0:1.1-4.el7 will be installed
---> Package scl-utils.x86_64 0:20130529-17.el7_1 will be installed
---> Package v8314-runtime.x86_64 0:2.1-1.el7 will be installed
--> Running transaction check
---> Package audit-libs-python.x86_64 0:2.4.1-5.el7 will be installed
---> Package avahi-libs.x86_64 0:0.6.31-15.el7_2.1 will be installed
---> Package checkpolicy.x86_64 0:2.1.12-6.el7 will be installed
---> Package graphite2.x86_64 0:1.3.6-1.el7_2 will be installed
---> Package jbigkit-libs.x86_64 0:2.0-11.el7 will be installed
---> Package libXau.x86_64 0:1.0.8-2.1.el7 will be installed
---> Package libcgroup.x86_64 0:0.41-8.el7 will be installed
---> Package libpciaccess.x86_64 0:0.13.4-2.el7 will be installed
--> Processing Dependency: hwdata for package: libpciaccess-0.13.4-2.el7.x86_64
---> Package libselinux-python.x86_64 0:2.2.2-6.el7 will be installed
---> Package libsemanage-python.x86_64 0:2.1.10-18.el7 will be installed
---> Package mesa-libgbm.x86_64 0:10.6.5-3.20150824.el7 will be installed
---> Package perl-Encode.x86_64 0:2.51-7.el7 will be installed
---> Package perl-Pod-Escapes.noarch 1:1.04-286.el7 will be installed
---> Package perl-Pod-Usage.noarch 0:1.63-3.el7 will be installed
--> Processing Dependency: perl(Pod::Text) >= 3.15 for package: perl-Pod-Usage-1.63-3.el7.noarch
--> Processing Dependency: perl-Pod-Perldoc for package: perl-Pod-Usage-1.63-3.el7.noarch
---> Package perl-Text-ParseWords.noarch 0:3.29-4.el7 will be installed
---> Package policycoreutils.x86_64 0:2.2.5-20.el7 will be installed
---> Package python-IPy.noarch 0:0.75-6.el7 will be installed
---> Package python-lxml.x86_64 0:3.2.1-4.el7 will be installed
---> Package rh-java-common-python-javapackages.noarch 0:4.3.2-1.11.el7 will be installed
--> Processing Dependency: rh-java-common-PyXB = 1.2.4 for package: rh-java-common-python-javapackages-4.3.2-1.11.el7.noarch
---> Package setools-libs.x86_64 0:3.3.7-46.el7 will be installed
--> Running transaction check
---> Package hwdata.x86_64 0:0.252-8.1.el7 will be installed
---> Package perl-Pod-Perldoc.noarch 0:3.20-4.el7 will be installed
--> Processing Dependency: perl(parent) for package: perl-Pod-Perldoc-3.20-4.el7.noarch
--> Processing Dependency: perl(HTTP::Tiny) for package: perl-Pod-Perldoc-3.20-4.el7.noarch
--> Processing Dependency: groff-base for package: perl-Pod-Perldoc-3.20-4.el7.noarch
---> Package perl-podlators.noarch 0:2.5.1-3.el7 will be installed
---> Package rh-java-common-PyXB.noarch 0:1.2.4-1.4.el7 will be installed
--> Running transaction check
---> Package groff-base.x86_64 0:1.22.2-8.el7 will be installed
---> Package perl-HTTP-Tiny.noarch 0:0.033-3.el7 will be installed
---> Package perl-parent.noarch 1:0.225-244.el7 will be installed
--> Finished Dependency Resolution

Dependencies Resolved

================================================================================
 Package                Arch   Version           Repository                Size
================================================================================
Installing:
 java-1.8.0-oracle      x86_64 1:1.8.0.91-1jpp.1.el7
                                                 rhel-7-server-thirdparty-oracle-java-rpms
                                                                           34 M
 rh-mongodb26-mongodb-server
                        x86_64 2.6.9-1.el7       rhel-server-rhscl-7-rpms 6.3 M
 unzip                  x86_64 6.0-15.el7        rhel-7-server-rpms       166 k
Installing for dependencies:
 alsa-lib               x86_64 1.0.28-2.el7      rhel-7-server-rpms       391 k
 atk                    x86_64 2.14.0-1.el7      rhel-7-server-rpms       251 k
 audit-libs-python      x86_64 2.4.1-5.el7       rhel-7-server-rpms        69 k
 avahi-libs             x86_64 0.6.31-15.el7_2.1 rhel-7-server-rpms        61 k
 boost-filesystem       x86_64 1.53.0-25.el7     rhel-7-server-rpms        67 k
 boost-program-options  x86_64 1.53.0-25.el7     rhel-7-server-rpms       155 k
 boost-system           x86_64 1.53.0-25.el7     rhel-7-server-rpms        39 k
 boost-thread           x86_64 1.53.0-25.el7     rhel-7-server-rpms        57 k
 cairo                  x86_64 1.14.2-1.el7      rhel-7-server-rpms       711 k
 checkpolicy            x86_64 2.1.12-6.el7      rhel-7-server-rpms       247 k
 cups-libs              x86_64 1:1.6.3-22.el7    rhel-7-server-rpms       355 k
 desktop-file-utils     x86_64 0.22-1.el7        rhel-7-server-rpms        67 k
 emacs-filesystem       noarch 1:24.3-18.el7     rhel-7-server-rpms        58 k
 fontconfig             x86_64 2.10.95-7.el7     rhel-7-server-rpms       228 k
 fontpackages-filesystem
                        noarch 1.44-8.el7        rhel-7-server-rpms       9.9 k
 freetype               x86_64 2.4.11-11.el7     rhel-7-server-rpms       391 k
 gdk-pixbuf2            x86_64 2.31.6-3.el7      rhel-7-server-rpms       559 k
 graphite2              x86_64 1.3.6-1.el7_2     rhel-7-server-rpms       112 k
 groff-base             x86_64 1.22.2-8.el7      rhel-7-server-rpms       942 k
 gtk2                   x86_64 2.24.28-8.el7     rhel-7-server-rpms       3.4 M
 harfbuzz               x86_64 0.9.36-1.el7      rhel-7-server-rpms       157 k
 hicolor-icon-theme     noarch 0.12-7.el7        rhel-7-server-rpms        43 k
 hwdata                 x86_64 0.252-8.1.el7     rhel-7-server-rpms       2.1 M
 jasper-libs            x86_64 1.900.1-29.el7    rhel-7-server-rpms       149 k
 javapackages-tools     noarch 3.4.1-11.el7      rhel-7-server-rpms        73 k
 jbigkit-libs           x86_64 2.0-11.el7        rhel-7-server-rpms        46 k
 libX11                 x86_64 1.6.3-2.el7       rhel-7-server-rpms       606 k
 libX11-common          noarch 1.6.3-2.el7       rhel-7-server-rpms       162 k
 libXau                 x86_64 1.0.8-2.1.el7     rhel-7-server-rpms        29 k
 libXcomposite          x86_64 0.4.4-4.1.el7     rhel-7-server-rpms        22 k
 libXcursor             x86_64 1.1.14-2.1.el7    rhel-7-server-rpms        30 k
 libXdamage             x86_64 1.1.4-4.1.el7     rhel-7-server-rpms        20 k
 libXext                x86_64 1.3.3-3.el7       rhel-7-server-rpms        39 k
 libXfixes              x86_64 5.0.1-2.1.el7     rhel-7-server-rpms        18 k
 libXft                 x86_64 2.3.2-2.el7       rhel-7-server-rpms        58 k
 libXi                  x86_64 1.7.4-2.el7       rhel-7-server-rpms        40 k
 libXinerama            x86_64 1.1.3-2.1.el7     rhel-7-server-rpms        14 k
 libXrandr              x86_64 1.4.2-2.el7       rhel-7-server-rpms        26 k
 libXrender             x86_64 0.9.8-2.1.el7     rhel-7-server-rpms        26 k
 libXtst                x86_64 1.2.2-2.1.el7     rhel-7-server-rpms        20 k
 libXxf86vm             x86_64 1.1.3-2.1.el7     rhel-7-server-rpms        18 k
 libcgroup              x86_64 0.41-8.el7        rhel-7-server-rpms        64 k
 libdrm                 x86_64 2.4.60-3.el7      rhel-7-server-rpms       125 k
 libjpeg-turbo          x86_64 1.2.90-5.el7      rhel-7-server-rpms       134 k
 libpciaccess           x86_64 0.13.4-2.el7      rhel-7-server-rpms        26 k
 libpng                 x86_64 2:1.5.13-7.el7_2  rhel-7-server-rpms       213 k
 libselinux-python      x86_64 2.2.2-6.el7       rhel-7-server-rpms       247 k
 libselinux-utils       x86_64 2.2.2-6.el7       rhel-7-server-rpms       135 k
 libsemanage-python     x86_64 2.1.10-18.el7     rhel-7-server-rpms        94 k
 libthai                x86_64 0.1.14-9.el7      rhel-7-server-rpms       187 k
 libtiff                x86_64 4.0.3-14.el7      rhel-7-server-rpms       167 k
 libxcb                 x86_64 1.11-4.el7        rhel-7-server-rpms       189 k
 libxshmfence           x86_64 1.2-1.el7         rhel-7-server-rpms       7.1 k
 libxslt                x86_64 1.1.28-5.el7      rhel-7-server-rpms       242 k
 mesa-libEGL            x86_64 10.6.5-3.20150824.el7
                                                 rhel-7-server-rpms        74 k
 mesa-libGL             x86_64 10.6.5-3.20150824.el7
                                                 rhel-7-server-rpms       184 k
 mesa-libgbm            x86_64 10.6.5-3.20150824.el7
                                                 rhel-7-server-rpms        40 k
 mesa-libglapi          x86_64 10.6.5-3.20150824.el7
                                                 rhel-7-server-rpms        39 k
 pango                  x86_64 1.36.8-2.el7      rhel-7-server-rpms       287 k
 perl                   x86_64 4:5.16.3-286.el7  rhel-7-server-rpms       8.0 M
 perl-Carp              noarch 1.26-244.el7      rhel-7-server-rpms        19 k
 perl-Encode            x86_64 2.51-7.el7        rhel-7-server-rpms       1.5 M
 perl-Exporter          noarch 5.68-3.el7        rhel-7-server-rpms        28 k
 perl-File-Path         noarch 2.09-2.el7        rhel-7-server-rpms        27 k
 perl-File-Temp         noarch 0.23.01-3.el7     rhel-7-server-rpms        56 k
 perl-Filter            x86_64 1.49-3.el7        rhel-7-server-rpms        76 k
 perl-Getopt-Long       noarch 2.40-2.el7        rhel-7-server-rpms        56 k
 perl-HTTP-Tiny         noarch 0.033-3.el7       rhel-7-server-rpms        38 k
 perl-PathTools         x86_64 3.40-5.el7        rhel-7-server-rpms        83 k
 perl-Pod-Escapes       noarch 1:1.04-286.el7    rhel-7-server-rpms        50 k
 perl-Pod-Perldoc       noarch 3.20-4.el7        rhel-7-server-rpms        87 k
 perl-Pod-Simple        noarch 1:3.28-4.el7      rhel-7-server-rpms       216 k
 perl-Pod-Usage         noarch 1.63-3.el7        rhel-7-server-rpms        27 k
 perl-Scalar-List-Utils x86_64 1.27-248.el7      rhel-7-server-rpms        36 k
 perl-Socket            x86_64 2.010-3.el7       rhel-7-server-rpms        49 k
 perl-Storable          x86_64 2.45-3.el7        rhel-7-server-rpms        77 k
 perl-Text-ParseWords   noarch 3.29-4.el7        rhel-7-server-rpms        14 k
 perl-Time-HiRes        x86_64 4:1.9725-3.el7    rhel-7-server-rpms        45 k
 perl-Time-Local        noarch 1.2300-2.el7      rhel-7-server-rpms        24 k
 perl-constant          noarch 1.27-2.el7        rhel-7-server-rpms        19 k
 perl-libs              x86_64 4:5.16.3-286.el7  rhel-7-server-rpms       687 k
 perl-macros            x86_64 4:5.16.3-286.el7  rhel-7-server-rpms        43 k
 perl-parent            noarch 1:0.225-244.el7   rhel-7-server-rpms        12 k
 perl-podlators         noarch 2.5.1-3.el7       rhel-7-server-rpms       112 k
 perl-threads           x86_64 1.87-4.el7        rhel-7-server-rpms        49 k
 perl-threads-shared    x86_64 1.43-6.el7        rhel-7-server-rpms        39 k
 pixman                 x86_64 0.32.6-3.el7      rhel-7-server-rpms       254 k
 policycoreutils        x86_64 2.2.5-20.el7      rhel-7-server-rpms       803 k
 policycoreutils-python x86_64 2.2.5-20.el7      rhel-7-server-rpms       435 k
 python-IPy             noarch 0.75-6.el7        rhel-7-server-rpms        32 k
 python-javapackages    noarch 3.4.1-11.el7      rhel-7-server-rpms        31 k
 python-lxml            x86_64 3.2.1-4.el7       rhel-7-server-rpms       758 k
 rh-java-common-PyXB    noarch 1.2.4-1.4.el7     rhel-server-rhscl-7-rpms 506 k
 rh-java-common-javapackages-tools
                        noarch 4.3.2-1.11.el7    rhel-server-rhscl-7-rpms  95 k
 rh-java-common-python-javapackages
                        noarch 4.3.2-1.11.el7    rhel-server-rhscl-7-rpms  86 k
 rh-java-common-runtime x86_64 1.1-46.el7        rhel-server-rhscl-7-rpms  31 k
 rh-mongodb26-gperftools-libs
                        x86_64 2.2.1-4.el7       rhel-server-rhscl-7-rpms 278 k
 rh-mongodb26-libstemmer
                        x86_64 0-4.585svn.el7    rhel-server-rhscl-7-rpms  68 k
 rh-mongodb26-libunwind x86_64 1.1-4.el7         rhel-server-rhscl-7-rpms  62 k
 rh-mongodb26-runtime   x86_64 2.0-19.el7        rhel-server-rhscl-7-rpms 1.2 M
 rh-mongodb26-yaml-cpp  x86_64 0.5.1-9.el7       rhel-server-rhscl-7-rpms 177 k
 scl-utils              x86_64 20130529-17.el7_1 rhel-7-server-rpms        24 k
 setools-libs           x86_64 3.3.7-46.el7      rhel-7-server-rpms       485 k
 snappy                 x86_64 1.1.0-3.el7       rhel-7-server-rpms        40 k
 v8314-runtime          x86_64 2.1-1.el7         rhel-server-rhscl-7-rpms 1.1 M
 v8314-v8               x86_64 1:3.14.5.10-9.el7 rhel-server-rhscl-7-rpms 1.6 M

Transaction Summary
================================================================================
Install  3 Packages (+106 Dependent packages)

Total download size: 74 M
Installed size: 236 M
Downloading packages:
[91mwarning: /var/cache/yum/x86_64/7Server/rhel-7-server-rpms/packages/alsa-lib-1.0.28-2.el7.x86_64.rpm: Header V3 RSA/SHA256 Signature, key ID fd431d51: NOKEY
[0mPublic key for alsa-lib-1.0.28-2.el7.x86_64.rpm is not installed
Public key for java-1.8.0-oracle-1.8.0.91-1jpp.1.el7.x86_64.rpm is not installed
Public key for rh-java-common-javapackages-tools-4.3.2-1.11.el7.noarch.rpm is not installed
--------------------------------------------------------------------------------
Total                                              3.3 MB/s |  74 MB  00:22     
Retrieving key from file:///etc/pki/rpm-gpg/RPM-GPG-KEY-redhat-release
[91mImporting GPG key 0xFD431D51:
 Userid     : "Red Hat, Inc. (release key 2) <security@redhat.com>"
 Fingerprint: 567e 347a d004 4ade 55ba 8a5f 199e 2f91 fd43 1d51
 Package    : redhat-release-server-7.2-9.el7.x86_64 (@koji-override-0/7.0)
 From       : /etc/pki/rpm-gpg/RPM-GPG-KEY-redhat-release
[0m[91mImporting GPG key 0x2FA658E0:
 Userid     : "Red Hat, Inc. (auxiliary key) <security@redhat.com>"
 Fingerprint: 43a6 e49c 4a38 f4be 9abf 2a53 4568 9c88 2fa6 58e0
 Package    : redhat-release-server-7.2-9.el7.x86_64 (@koji-override-0/7.0)
 From       : /etc/pki/rpm-gpg/RPM-GPG-KEY-redhat-release
[0mRunning transaction check
Running transaction test
Transaction test succeeded
Running transaction
  Installing : freetype-2.4.11-11.el7.x86_64                              1/109 
  Installing : scl-utils-20130529-17.el7_1.x86_64                         2/109 
  Installing : libjpeg-turbo-1.2.90-5.el7.x86_64                          3/109 
  Installing : boost-system-1.53.0-25.el7.x86_64                          4/109 
  Installing : v8314-runtime-2.1-1.el7.x86_64                             5/109 
  Installing : mesa-libglapi-10.6.5-3.20150824.el7.x86_64                 6/109 
  Installing : libxslt-1.1.28-5.el7.x86_64                                7/109 
  Installing : python-lxml-3.2.1-4.el7.x86_64                             8/109 
  Installing : libselinux-utils-2.2.2-6.el7.x86_64                        9/109 
  Installing : atk-2.14.0-1.el7.x86_64                                   10/109 
  Installing : 2:libpng-1.5.13-7.el7_2.x86_64                            11/109 
  Installing : policycoreutils-2.2.5-20.el7.x86_64                       12/109 
  Installing : python-javapackages-3.4.1-11.el7.noarch                   13/109 
  Installing : javapackages-tools-3.4.1-11.el7.noarch                    14/109 
  Installing : 1:v8314-v8-3.14.5.10-9.el7.x86_64                         15/109 
  Installing : boost-filesystem-1.53.0-25.el7.x86_64                     16/109 
  Installing : boost-thread-1.53.0-25.el7.x86_64                         17/109 
  Installing : jasper-libs-1.900.1-29.el7.x86_64                         18/109 
  Installing : jbigkit-libs-2.0-11.el7.x86_64                            19/109 
  Installing : libtiff-4.0.3-14.el7.x86_64                               20/109 
  Installing : libcgroup-0.41-8.el7.x86_64                               21/109 
  Installing : 1:emacs-filesystem-24.3-18.el7.noarch                     22/109 
  Installing : desktop-file-utils-0.22-1.el7.x86_64                      23/109 
  Installing : libthai-0.1.14-9.el7.x86_64                               24/109 
  Installing : libxshmfence-1.2-1.el7.x86_64                             25/109 
  Installing : alsa-lib-1.0.28-2.el7.x86_64                              26/109 
  Installing : audit-libs-python-2.4.1-5.el7.x86_64                      27/109 
  Installing : snappy-1.1.0-3.el7.x86_64                                 28/109 
  Installing : hicolor-icon-theme-0.12-7.el7.noarch                      29/109 
  Installing : fontpackages-filesystem-1.44-8.el7.noarch                 30/109 
  Installing : fontconfig-2.10.95-7.el7.x86_64                           31/109 
  Installing : graphite2-1.3.6-1.el7_2.x86_64                            32/109 
  Installing : harfbuzz-0.9.36-1.el7.x86_64                              33/109 
  Installing : boost-program-options-1.53.0-25.el7.x86_64                34/109 
  Installing : libX11-common-1.6.3-2.el7.noarch                          35/109 
  Installing : avahi-libs-0.6.31-15.el7_2.1.x86_64                       36/109 
  Installing : 1:cups-libs-1.6.3-22.el7.x86_64                           37/109 
  Installing : python-IPy-0.75-6.el7.noarch                              38/109 
  Installing : hwdata-0.252-8.1.el7.x86_64                               39/109 
  Installing : libpciaccess-0.13.4-2.el7.x86_64                          40/109 
  Installing : libdrm-2.4.60-3.el7.x86_64                                41/109 
  Installing : mesa-libgbm-10.6.5-3.20150824.el7.x86_64                  42/109 
  Installing : pixman-0.32.6-3.el7.x86_64                                43/109 
  Installing : libselinux-python-2.2.2-6.el7.x86_64                      44/109 
  Installing : checkpolicy-2.1.12-6.el7.x86_64                           45/109 
  Installing : libXau-1.0.8-2.1.el7.x86_64                               46/109 
  Installing : libxcb-1.11-4.el7.x86_64                                  47/109 
  Installing : libX11-1.6.3-2.el7.x86_64                                 48/109 
  Installing : libXext-1.3.3-3.el7.x86_64                                49/109 
  Installing : libXrender-0.9.8-2.1.el7.x86_64                           50/109 
  Installing : libXfixes-5.0.1-2.1.el7.x86_64                            51/109 
  Installing : libXi-1.7.4-2.el7.x86_64                                  52/109 
  Installing : libXdamage-1.1.4-4.1.el7.x86_64                           53/109 
  Installing : libXxf86vm-1.1.3-2.1.el7.x86_64                           54/109 
  Installing : mesa-libGL-10.6.5-3.20150824.el7.x86_64                   55/109 
  Installing : gdk-pixbuf2-2.31.6-3.el7.x86_64                           56/109 
  Installing : libXtst-1.2.2-2.1.el7.x86_64                              57/109 
  Installing : libXcursor-1.1.14-2.1.el7.x86_64                          58/109 
  Installing : libXrandr-1.4.2-2.el7.x86_64                              59/109 
  Installing : libXft-2.3.2-2.el7.x86_64                                 60/109 
  Installing : libXinerama-1.1.3-2.1.el7.x86_64                          61/109 
  Installing : libXcomposite-0.4.4-4.1.el7.x86_64                        62/109 
  Installing : mesa-libEGL-10.6.5-3.20150824.el7.x86_64                  63/109 
  Installing : cairo-1.14.2-1.el7.x86_64                                 64/109 
  Installing : pango-1.36.8-2.el7.x86_64                                 65/109 
  Installing : gtk2-2.24.28-8.el7.x86_64                                 66/109 
  Installing : groff-base-1.22.2-8.el7.x86_64                            67/109 
  Installing : 1:perl-parent-0.225-244.el7.noarch                        68/109 
  Installing : perl-HTTP-Tiny-0.033-3.el7.noarch                         69/109 
  Installing : perl-podlators-2.5.1-3.el7.noarch                         70/109 
  Installing : perl-Pod-Perldoc-3.20-4.el7.noarch                        71/109 
  Installing : 1:perl-Pod-Escapes-1.04-286.el7.noarch                    72/109 
  Installing : perl-Text-ParseWords-3.29-4.el7.noarch                    73/109 
  Installing : perl-Encode-2.51-7.el7.x86_64                             74/109 
  Installing : perl-Pod-Usage-1.63-3.el7.noarch                          75/109 
  Installing : 4:perl-libs-5.16.3-286.el7.x86_64                         76/109 
  Installing : 4:perl-Time-HiRes-1.9725-3.el7.x86_64                     77/109 
  Installing : perl-threads-1.87-4.el7.x86_64                            78/109 
  Installing : perl-Storable-2.45-3.el7.x86_64                           79/109 
  Installing : perl-Carp-1.26-244.el7.noarch                             80/109 
  Installing : perl-Filter-1.49-3.el7.x86_64                             81/109 
  Installing : perl-Exporter-5.68-3.el7.noarch                           82/109 
  Installing : perl-constant-1.27-2.el7.noarch                           83/109 
  Installing : 4:perl-macros-5.16.3-286.el7.x86_64                       84/109 
  Installing : perl-Time-Local-1.2300-2.el7.noarch                       85/109 
  Installing : perl-Socket-2.010-3.el7.x86_64                            86/109 
  Installing : perl-threads-shared-1.43-6.el7.x86_64                     87/109 
  Installing : perl-File-Temp-0.23.01-3.el7.noarch                       88/109 
  Installing : perl-File-Path-2.09-2.el7.noarch                          89/109 
  Installing : perl-PathTools-3.40-5.el7.x86_64                          90/109 
  Installing : perl-Scalar-List-Utils-1.27-248.el7.x86_64                91/109 
  Installing : 1:perl-Pod-Simple-3.28-4.el7.noarch                       92/109 
  Installing : perl-Getopt-Long-2.40-2.el7.noarch                        93/109 
  Installing : 4:perl-5.16.3-286.el7.x86_64                              94/109 
  Installing : 1:java-1.8.0-oracle-1.8.0.91-1jpp.1.el7.x86_64            95/109 
  Installing : rh-java-common-python-javapackages-4.3.2-1.11.el7.noar    96/109 
  Installing : rh-java-common-PyXB-1.2.4-1.4.el7.noarch                  97/109 
  Installing : rh-java-common-runtime-1.1-46.el7.x86_64                  98/109 
  Installing : rh-java-common-javapackages-tools-4.3.2-1.11.el7.noarc    99/109 
  Installing : setools-libs-3.3.7-46.el7.x86_64                         100/109 
  Installing : libsemanage-python-2.1.10-18.el7.x86_64                  101/109 
  Installing : policycoreutils-python-2.2.5-20.el7.x86_64               102/109 
  Installing : rh-mongodb26-runtime-2.0-19.el7.x86_64                   103/109 
  Installing : rh-mongodb26-libunwind-1.1-4.el7.x86_64                  104/109 
  Installing : rh-mongodb26-gperftools-libs-2.2.1-4.el7.x86_64          105/109 
  Installing : rh-mongodb26-libstemmer-0-4.585svn.el7.x86_64            106/109 
  Installing : rh-mongodb26-yaml-cpp-0.5.1-9.el7.x86_64                 107/109 
  Installing : rh-mongodb26-mongodb-server-2.6.9-1.el7.x86_64           108/109 
  Installing : unzip-6.0-15.el7.x86_64                                  109/109 
  Verifying  : libXext-1.3.3-3.el7.x86_64                                 1/109 
  Verifying  : perl-HTTP-Tiny-0.033-3.el7.noarch                          2/109 
  Verifying  : rh-java-common-python-javapackages-4.3.2-1.11.el7.noar     3/109 
  Verifying  : libXtst-1.2.2-2.1.el7.x86_64                               4/109 
  Verifying  : python-lxml-3.2.1-4.el7.x86_64                             5/109 
  Verifying  : libsemanage-python-2.1.10-18.el7.x86_64                    6/109 
  Verifying  : 2:libpng-1.5.13-7.el7_2.x86_64                             7/109 
  Verifying  : libdrm-2.4.60-3.el7.x86_64                                 8/109 
  Verifying  : setools-libs-3.3.7-46.el7.x86_64                           9/109 
  Verifying  : desktop-file-utils-0.22-1.el7.x86_64                      10/109 
  Verifying  : python-javapackages-3.4.1-11.el7.noarch                   11/109 
  Verifying  : groff-base-1.22.2-8.el7.x86_64                            12/109 
  Verifying  : perl-File-Temp-0.23.01-3.el7.noarch                       13/109 
  Verifying  : libXcomposite-0.4.4-4.1.el7.x86_64                        14/109 
  Verifying  : atk-2.14.0-1.el7.x86_64                                   15/109 
  Verifying  : rh-mongodb26-mongodb-server-2.6.9-1.el7.x86_64            16/109 
  Verifying  : 1:cups-libs-1.6.3-22.el7.x86_64                           17/109 
  Verifying  : rh-java-common-PyXB-1.2.4-1.4.el7.noarch                  18/109 
  Verifying  : 1:perl-Pod-Escapes-1.04-286.el7.noarch                    19/109 
  Verifying  : rh-mongodb26-gperftools-libs-2.2.1-4.el7.x86_64           20/109 
  Verifying  : libXau-1.0.8-2.1.el7.x86_64                               21/109 
  Verifying  : perl-File-Path-2.09-2.el7.noarch                          22/109 
  Verifying  : checkpolicy-2.1.12-6.el7.x86_64                           23/109 
  Verifying  : policycoreutils-2.2.5-20.el7.x86_64                       24/109 
  Verifying  : libselinux-python-2.2.2-6.el7.x86_64                      25/109 
  Verifying  : perl-Text-ParseWords-3.29-4.el7.noarch                    26/109 
  Verifying  : mesa-libEGL-10.6.5-3.20150824.el7.x86_64                  27/109 
  Verifying  : 4:perl-Time-HiRes-1.9725-3.el7.x86_64                     28/109 
  Verifying  : pixman-0.32.6-3.el7.x86_64                                29/109 
  Verifying  : libxcb-1.11-4.el7.x86_64                                  30/109 
  Verifying  : libtiff-4.0.3-14.el7.x86_64                               31/109 
  Verifying  : hwdata-0.252-8.1.el7.x86_64                               32/109 
  Verifying  : libX11-1.6.3-2.el7.x86_64                                 33/109 
  Verifying  : python-IPy-0.75-6.el7.noarch                              34/109 
  Verifying  : harfbuzz-0.9.36-1.el7.x86_64                              35/109 
  Verifying  : avahi-libs-0.6.31-15.el7_2.1.x86_64                       36/109 
  Verifying  : libselinux-utils-2.2.2-6.el7.x86_64                       37/109 
  Verifying  : libX11-common-1.6.3-2.el7.noarch                          38/109 
  Verifying  : boost-program-options-1.53.0-25.el7.x86_64                39/109 
  Verifying  : javapackages-tools-3.4.1-11.el7.noarch                    40/109 
  Verifying  : perl-Pod-Usage-1.63-3.el7.noarch                          41/109 
  Verifying  : libXcursor-1.1.14-2.1.el7.x86_64                          42/109 
  Verifying  : perl-Encode-2.51-7.el7.x86_64                             43/109 
  Verifying  : rh-java-common-runtime-1.1-46.el7.x86_64                  44/109 
  Verifying  : 1:v8314-v8-3.14.5.10-9.el7.x86_64                         45/109 
  Verifying  : boost-system-1.53.0-25.el7.x86_64                         46/109 
  Verifying  : perl-threads-1.87-4.el7.x86_64                            47/109 
  Verifying  : fontconfig-2.10.95-7.el7.x86_64                           48/109 
  Verifying  : graphite2-1.3.6-1.el7_2.x86_64                            49/109 
  Verifying  : libjpeg-turbo-1.2.90-5.el7.x86_64                         50/109 
  Verifying  : gtk2-2.24.28-8.el7.x86_64                                 51/109 
  Verifying  : perl-threads-shared-1.43-6.el7.x86_64                     52/109 
  Verifying  : perl-Storable-2.45-3.el7.x86_64                           53/109 
  Verifying  : libXxf86vm-1.1.3-2.1.el7.x86_64                           54/109 
  Verifying  : 4:perl-libs-5.16.3-286.el7.x86_64                         55/109 
  Verifying  : v8314-runtime-2.1-1.el7.x86_64                            56/109 
  Verifying  : fontpackages-filesystem-1.44-8.el7.noarch                 57/109 
  Verifying  : gdk-pixbuf2-2.31.6-3.el7.x86_64                           58/109 
  Verifying  : hicolor-icon-theme-0.12-7.el7.noarch                      59/109 
  Verifying  : rh-mongodb26-libunwind-1.1-4.el7.x86_64                   60/109 
  Verifying  : 1:perl-parent-0.225-244.el7.noarch                        61/109 
  Verifying  : snappy-1.1.0-3.el7.x86_64                                 62/109 
  Verifying  : libXrender-0.9.8-2.1.el7.x86_64                           63/109 
  Verifying  : audit-libs-python-2.4.1-5.el7.x86_64                      64/109 
  Verifying  : perl-Carp-1.26-244.el7.noarch                             65/109 
  Verifying  : boost-filesystem-1.53.0-25.el7.x86_64                     66/109 
  Verifying  : perl-podlators-2.5.1-3.el7.noarch                         67/109 
  Verifying  : mesa-libgbm-10.6.5-3.20150824.el7.x86_64                  68/109 
  Verifying  : libxslt-1.1.28-5.el7.x86_64                               69/109 
  Verifying  : pango-1.36.8-2.el7.x86_64                                 70/109 
  Verifying  : jasper-libs-1.900.1-29.el7.x86_64                         71/109 
  Verifying  : libXi-1.7.4-2.el7.x86_64                                  72/109 
  Verifying  : alsa-lib-1.0.28-2.el7.x86_64                              73/109 
  Verifying  : libxshmfence-1.2-1.el7.x86_64                             74/109 
  Verifying  : libXfixes-5.0.1-2.1.el7.x86_64                            75/109 
  Verifying  : cairo-1.14.2-1.el7.x86_64                                 76/109 
  Verifying  : rh-mongodb26-libstemmer-0-4.585svn.el7.x86_64             77/109 
  Verifying  : perl-Filter-1.49-3.el7.x86_64                             78/109 
  Verifying  : libXdamage-1.1.4-4.1.el7.x86_64                           79/109 
  Verifying  : policycoreutils-python-2.2.5-20.el7.x86_64                80/109 
  Verifying  : libXinerama-1.1.3-2.1.el7.x86_64                          81/109 
  Verifying  : libpciaccess-0.13.4-2.el7.x86_64                          82/109 
  Verifying  : freetype-2.4.11-11.el7.x86_64                             83/109 
  Verifying  : perl-Exporter-5.68-3.el7.noarch                           84/109 
  Verifying  : perl-constant-1.27-2.el7.noarch                           85/109 
  Verifying  : perl-PathTools-3.40-5.el7.x86_64                          86/109 
  Verifying  : 4:perl-macros-5.16.3-286.el7.x86_64                       87/109 
  Verifying  : 1:java-1.8.0-oracle-1.8.0.91-1jpp.1.el7.x86_64            88/109 
  Verifying  : libXrandr-1.4.2-2.el7.x86_64                              89/109 
  Verifying  : rh-mongodb26-runtime-2.0-19.el7.x86_64                    90/109 
  Verifying  : 4:perl-5.16.3-286.el7.x86_64                              91/109 
  Verifying  : rh-mongodb26-yaml-cpp-0.5.1-9.el7.x86_64                  92/109 
  Verifying  : 1:perl-Pod-Simple-3.28-4.el7.noarch                       93/109 
  Verifying  : libthai-0.1.14-9.el7.x86_64                               94/109 
  Verifying  : perl-Time-Local-1.2300-2.el7.noarch                       95/109 
  Verifying  : libXft-2.3.2-2.el7.x86_64                                 96/109 
  Verifying  : rh-java-common-javapackages-tools-4.3.2-1.11.el7.noarc    97/109 
  Verifying  : perl-Pod-Perldoc-3.20-4.el7.noarch                        98/109 
  Verifying  : perl-Socket-2.010-3.el7.x86_64                            99/109 
  Verifying  : boost-thread-1.53.0-25.el7.x86_64                        100/109 
  Verifying  : 1:emacs-filesystem-24.3-18.el7.noarch                    101/109 
  Verifying  : libcgroup-0.41-8.el7.x86_64                              102/109 
  Verifying  : perl-Scalar-List-Utils-1.27-248.el7.x86_64               103/109 
  Verifying  : unzip-6.0-15.el7.x86_64                                  104/109 
  Verifying  : jbigkit-libs-2.0-11.el7.x86_64                           105/109 
  Verifying  : mesa-libglapi-10.6.5-3.20150824.el7.x86_64               106/109 
  Verifying  : mesa-libGL-10.6.5-3.20150824.el7.x86_64                  107/109 
  Verifying  : perl-Getopt-Long-2.40-2.el7.noarch                       108/109 
  Verifying  : scl-utils-20130529-17.el7_1.x86_64                       109/109 

Installed:
  java-1.8.0-oracle.x86_64 1:1.8.0.91-1jpp.1.el7                                
  rh-mongodb26-mongodb-server.x86_64 0:2.6.9-1.el7                              
  unzip.x86_64 0:6.0-15.el7                                                     

Dependency Installed:
  alsa-lib.x86_64 0:1.0.28-2.el7                                                
  atk.x86_64 0:2.14.0-1.el7                                                     
  audit-libs-python.x86_64 0:2.4.1-5.el7                                        
  avahi-libs.x86_64 0:0.6.31-15.el7_2.1                                         
  boost-filesystem.x86_64 0:1.53.0-25.el7                                       
  boost-program-options.x86_64 0:1.53.0-25.el7                                  
  boost-system.x86_64 0:1.53.0-25.el7                                           
  boost-thread.x86_64 0:1.53.0-25.el7                                           
  cairo.x86_64 0:1.14.2-1.el7                                                   
  checkpolicy.x86_64 0:2.1.12-6.el7                                             
  cups-libs.x86_64 1:1.6.3-22.el7                                               
  desktop-file-utils.x86_64 0:0.22-1.el7                                        
  emacs-filesystem.noarch 1:24.3-18.el7                                         
  fontconfig.x86_64 0:2.10.95-7.el7                                             
  fontpackages-filesystem.noarch 0:1.44-8.el7                                   
  freetype.x86_64 0:2.4.11-11.el7                                               
  gdk-pixbuf2.x86_64 0:2.31.6-3.el7                                             
  graphite2.x86_64 0:1.3.6-1.el7_2                                              
  groff-base.x86_64 0:1.22.2-8.el7                                              
  gtk2.x86_64 0:2.24.28-8.el7                                                   
  harfbuzz.x86_64 0:0.9.36-1.el7                                                
  hicolor-icon-theme.noarch 0:0.12-7.el7                                        
  hwdata.x86_64 0:0.252-8.1.el7                                                 
  jasper-libs.x86_64 0:1.900.1-29.el7                                           
  javapackages-tools.noarch 0:3.4.1-11.el7                                      
  jbigkit-libs.x86_64 0:2.0-11.el7                                              
  libX11.x86_64 0:1.6.3-2.el7                                                   
  libX11-common.noarch 0:1.6.3-2.el7                                            
  libXau.x86_64 0:1.0.8-2.1.el7                                                 
  libXcomposite.x86_64 0:0.4.4-4.1.el7                                          
  libXcursor.x86_64 0:1.1.14-2.1.el7                                            
  libXdamage.x86_64 0:1.1.4-4.1.el7                                             
  libXext.x86_64 0:1.3.3-3.el7                                                  
  libXfixes.x86_64 0:5.0.1-2.1.el7                                              
  libXft.x86_64 0:2.3.2-2.el7                                                   
  libXi.x86_64 0:1.7.4-2.el7                                                    
  libXinerama.x86_64 0:1.1.3-2.1.el7                                            
  libXrandr.x86_64 0:1.4.2-2.el7                                                
  libXrender.x86_64 0:0.9.8-2.1.el7                                             
  libXtst.x86_64 0:1.2.2-2.1.el7                                                
  libXxf86vm.x86_64 0:1.1.3-2.1.el7                                             
  libcgroup.x86_64 0:0.41-8.el7                                                 
  libdrm.x86_64 0:2.4.60-3.el7                                                  
  libjpeg-turbo.x86_64 0:1.2.90-5.el7                                           
  libpciaccess.x86_64 0:0.13.4-2.el7                                            
  libpng.x86_64 2:1.5.13-7.el7_2                                                
  libselinux-python.x86_64 0:2.2.2-6.el7                                        
  libselinux-utils.x86_64 0:2.2.2-6.el7                                         
  libsemanage-python.x86_64 0:2.1.10-18.el7                                     
  libthai.x86_64 0:0.1.14-9.el7                                                 
  libtiff.x86_64 0:4.0.3-14.el7                                                 
  libxcb.x86_64 0:1.11-4.el7                                                    
  libxshmfence.x86_64 0:1.2-1.el7                                               
  libxslt.x86_64 0:1.1.28-5.el7                                                 
  mesa-libEGL.x86_64 0:10.6.5-3.20150824.el7                                    
  mesa-libGL.x86_64 0:10.6.5-3.20150824.el7                                     
  mesa-libgbm.x86_64 0:10.6.5-3.20150824.el7                                    
  mesa-libglapi.x86_64 0:10.6.5-3.20150824.el7                                  
  pango.x86_64 0:1.36.8-2.el7                                                   
  perl.x86_64 4:5.16.3-286.el7                                                  
  perl-Carp.noarch 0:1.26-244.el7                                               
  perl-Encode.x86_64 0:2.51-7.el7                                               
  perl-Exporter.noarch 0:5.68-3.el7                                             
  perl-File-Path.noarch 0:2.09-2.el7                                            
  perl-File-Temp.noarch 0:0.23.01-3.el7                                         
  perl-Filter.x86_64 0:1.49-3.el7                                               
  perl-Getopt-Long.noarch 0:2.40-2.el7                                          
  perl-HTTP-Tiny.noarch 0:0.033-3.el7                                           
  perl-PathTools.x86_64 0:3.40-5.el7                                            
  perl-Pod-Escapes.noarch 1:1.04-286.el7                                        
  perl-Pod-Perldoc.noarch 0:3.20-4.el7                                          
  perl-Pod-Simple.noarch 1:3.28-4.el7                                           
  perl-Pod-Usage.noarch 0:1.63-3.el7                                            
  perl-Scalar-List-Utils.x86_64 0:1.27-248.el7                                  
  perl-Socket.x86_64 0:2.010-3.el7                                              
  perl-Storable.x86_64 0:2.45-3.el7                                             
  perl-Text-ParseWords.noarch 0:3.29-4.el7                                      
  perl-Time-HiRes.x86_64 4:1.9725-3.el7                                         
  perl-Time-Local.noarch 0:1.2300-2.el7                                         
  perl-constant.noarch 0:1.27-2.el7                                             
  perl-libs.x86_64 4:5.16.3-286.el7                                             
  perl-macros.x86_64 4:5.16.3-286.el7                                           
  perl-parent.noarch 1:0.225-244.el7                                            
  perl-podlators.noarch 0:2.5.1-3.el7                                           
  perl-threads.x86_64 0:1.87-4.el7                                              
  perl-threads-shared.x86_64 0:1.43-6.el7                                       
  pixman.x86_64 0:0.32.6-3.el7                                                  
  policycoreutils.x86_64 0:2.2.5-20.el7                                         
  policycoreutils-python.x86_64 0:2.2.5-20.el7                                  
  python-IPy.noarch 0:0.75-6.el7                                                
  python-javapackages.noarch 0:3.4.1-11.el7                                     
  python-lxml.x86_64 0:3.2.1-4.el7                                              
  rh-java-common-PyXB.noarch 0:1.2.4-1.4.el7                                    
  rh-java-common-javapackages-tools.noarch 0:4.3.2-1.11.el7                     
  rh-java-common-python-javapackages.noarch 0:4.3.2-1.11.el7                    
  rh-java-common-runtime.x86_64 0:1.1-46.el7                                    
  rh-mongodb26-gperftools-libs.x86_64 0:2.2.1-4.el7                             
  rh-mongodb26-libstemmer.x86_64 0:0-4.585svn.el7                               
  rh-mongodb26-libunwind.x86_64 0:1.1-4.el7                                     
  rh-mongodb26-runtime.x86_64 0:2.0-19.el7                                      
  rh-mongodb26-yaml-cpp.x86_64 0:0.5.1-9.el7                                    
  scl-utils.x86_64 0:20130529-17.el7_1                                          
  setools-libs.x86_64 0:3.3.7-46.el7                                            
  snappy.x86_64 0:1.1.0-3.el7                                                   
  v8314-runtime.x86_64 0:2.1-1.el7                                              
  v8314-v8.x86_64 1:3.14.5.10-9.el7                                             

Complete!
Loaded plugins: ovl, product-id, search-disabled-repos, subscription-manager
Cleaning repos: rhel-7-server-aus-rpms rhel-7-server-eus-rpms
              : rhel-7-server-htb-rpms rhel-7-server-nfv-rpms rhel-7-server-rpms
              : rhel-7-server-rt-beta-rpms rhel-7-server-rt-htb-rpms
              : rhel-7-server-rt-rpms rhel-ha-for-rhel-7-server-eus-rpms
              : rhel-ha-for-rhel-7-server-htb-rpms
              : rhel-ha-for-rhel-7-server-rpms
              : rhel-lb-for-rhel-7-server-htb-rpms
              : rhel-rs-for-rhel-7-server-eus-rpms
              : rhel-rs-for-rhel-7-server-htb-rpms
              : rhel-rs-for-rhel-7-server-rpms rhel-sap-for-rhel-7-server-rpms
              : rhel-sap-hana-for-rhel-7-server-rpms
              : rhel-sjis-for-rhel-7-server-rpms
Cleaning up everything
 ---> b9696bba3794
Removing intermediate container e2a1ceabe2a6
Step 8 : RUN unzip -d /opt/ /opt/UniFi/UniFi.unix.zip && rm /opt/UniFi/UniFi.unix.zip
 ---> Running in ce500de3ae2e
Archive:  /opt/UniFi/UniFi.unix.zip
   creating: /opt/UniFi/bin/
    linking: /opt/UniFi/bin/mongod   -> /usr/bin/mongod 
   creating: /opt/UniFi/conf/
   creating: /opt/UniFi/dl/
   creating: /opt/UniFi/dl/firmware/
  inflating: /opt/UniFi/dl/firmware/bundles.json  
   creating: /opt/UniFi/dl/firmware/BZ2/
   creating: /opt/UniFi/dl/firmware/BZ2/3.7.5.4969/
  inflating: /opt/UniFi/dl/firmware/BZ2/3.7.5.4969/firmware.bin  
   creating: /opt/UniFi/dl/firmware/U2HSR/
   creating: /opt/UniFi/dl/firmware/U2HSR/3.7.5.4969/
  inflating: /opt/UniFi/dl/firmware/U2HSR/3.7.5.4969/firmware.bin  
   creating: /opt/UniFi/dl/firmware/U2IW/
   creating: /opt/UniFi/dl/firmware/U2IW/3.7.5.4969/
  inflating: /opt/UniFi/dl/firmware/U2IW/3.7.5.4969/firmware.bin  
   creating: /opt/UniFi/dl/firmware/U7E/
   creating: /opt/UniFi/dl/firmware/U7E/3.7.5.4969/
  inflating: /opt/UniFi/dl/firmware/U7E/3.7.5.4969/firmware.bin  
   creating: /opt/UniFi/dl/firmware/U7P/
   creating: /opt/UniFi/dl/firmware/U7P/3.7.5.4969/
  inflating: /opt/UniFi/dl/firmware/U7P/3.7.5.4969/firmware.bin  
   creating: /opt/UniFi/dl/firmware/U7PG2/
   creating: /opt/UniFi/dl/firmware/U7PG2/3.7.5.4969/
  inflating: /opt/UniFi/dl/firmware/U7PG2/3.7.5.4969/firmware.bin  
   creating: /opt/UniFi/dl/firmware/US24P250/
   creating: /opt/UniFi/dl/firmware/US24P250/3.7.5.4969/
  inflating: /opt/UniFi/dl/firmware/US24P250/3.7.5.4969/firmware.bin  
   creating: /opt/UniFi/lib/
  inflating: /opt/UniFi/lib/ace.jar  
  inflating: /opt/UniFi/lib/annotations-2.0.0.jar  
  inflating: /opt/UniFi/lib/commons-beanutils-1.9.1.jar  
  inflating: /opt/UniFi/lib/commons-codec-1.7.jar  
  inflating: /opt/UniFi/lib/commons-httpclient-3.1-atlassian-2.jar  
  inflating: /opt/UniFi/lib/commons-httpclient-contrib-3.1.jar  
  inflating: /opt/UniFi/lib/commons-io-2.4.jar  
  inflating: /opt/UniFi/lib/commons-lang-2.6.jar  
  inflating: /opt/UniFi/lib/commons-logging-1.1.3.jar  
  inflating: /opt/UniFi/lib/commons-net-3.3.jar  
  inflating: /opt/UniFi/lib/commons-pool2-2.2.jar  
  inflating: /opt/UniFi/lib/commons-validator-1.5.0.jar  
  inflating: /opt/UniFi/lib/cron4j-2.2.5.jar  
  inflating: /opt/UniFi/lib/dom4j-1.3.jar  
  inflating: /opt/UniFi/lib/ecj-4.3.1.jar  
  inflating: /opt/UniFi/lib/gson-2.2.4.jar  
  inflating: /opt/UniFi/lib/guava-14.0.1.jar  
  inflating: /opt/UniFi/lib/Java-WebSocket-1.3.0-44-gbf2af15.jar  
  inflating: /opt/UniFi/lib/jmdns-3.4.1.jar  
  inflating: /opt/UniFi/lib/jorbis-0.0.17.jar  
  inflating: /opt/UniFi/lib/jsch-0.1.51.jar  
  inflating: /opt/UniFi/lib/jstl-1.2.jar  
  inflating: /opt/UniFi/lib/jstun-0.7.3.jar  
  inflating: /opt/UniFi/lib/jul-to-slf4j-1.7.6.jar  
  inflating: /opt/UniFi/lib/log4j-1.2.17.jar  
  inflating: /opt/UniFi/lib/mail-1.4.7.jar  
  inflating: /opt/UniFi/lib/mongo-java-driver-2.10.1.jar  
   creating: /opt/UniFi/lib/native/
   creating: /opt/UniFi/lib/native/Linux/
   creating: /opt/UniFi/lib/native/Linux/amd64/
  inflating: /opt/UniFi/lib/native/Linux/amd64/libubnt_webrtc_jni.so  
   creating: /opt/UniFi/lib/native/Linux/armhf/
  inflating: /opt/UniFi/lib/native/Linux/armhf/libubnt_webrtc_jni.so  
   creating: /opt/UniFi/lib/native/Mac/
   creating: /opt/UniFi/lib/native/Mac/x86_64/
  inflating: /opt/UniFi/lib/native/Mac/x86_64/libubnt_webrtc_jni.jnilib  
   creating: /opt/UniFi/lib/native/Windows/
   creating: /opt/UniFi/lib/native/Windows/amd64/
  inflating: /opt/UniFi/lib/native/Windows/amd64/ubnt_webrtc_jni.dll  
  inflating: /opt/UniFi/lib/servo-core-0.9.4.jar  
  inflating: /opt/UniFi/lib/servo-graphite-0.9.4.jar  
  inflating: /opt/UniFi/lib/slf4j-api-1.7.6.jar  
  inflating: /opt/UniFi/lib/slf4j-log4j12-1.7.6.jar  
  inflating: /opt/UniFi/lib/snappy-java-1.0.5.jar  
  inflating: /opt/UniFi/lib/spring-beans-3.2.8.RELEASE.jar  
  inflating: /opt/UniFi/lib/spring-context-3.2.8.RELEASE.jar  
  inflating: /opt/UniFi/lib/spring-core-3.2.8.RELEASE.jar  
  inflating: /opt/UniFi/lib/spring-expression-3.2.8.RELEASE.jar  
  inflating: /opt/UniFi/lib/spring-test-3.2.8.RELEASE.jar  
  inflating: /opt/UniFi/lib/sshj-0.9.0.jar  
  inflating: /opt/UniFi/lib/tomcat-embed-core-7.0.64.jar  
  inflating: /opt/UniFi/lib/tomcat-embed-el-7.0.64.jar  
  inflating: /opt/UniFi/lib/tomcat-embed-jasper-7.0.64.jar  
  inflating: /opt/UniFi/lib/tomcat-embed-logging-juli-7.0.64.jar  
  inflating: /opt/UniFi/lib/tomcat-embed-logging-log4j-7.0.64.jar  
  inflating: /opt/UniFi/lib/urlrewritefilter-4.0.4.jar  
  inflating: /opt/UniFi/readme.txt   
   creating: /opt/UniFi/webapps/
   creating: /opt/UniFi/webapps/ROOT/
   creating: /opt/UniFi/webapps/ROOT/app-unifi/
 extracting: /opt/UniFi/webapps/ROOT/app-unifi/.version  
   creating: /opt/UniFi/webapps/ROOT/app-unifi/config/
  inflating: /opt/UniFi/webapps/ROOT/app-unifi/config/config.js  
   creating: /opt/UniFi/webapps/ROOT/app-unifi/css/
  inflating: /opt/UniFi/webapps/ROOT/app-unifi/css/app.css  
  inflating: /opt/UniFi/webapps/ROOT/app-unifi/find_controller.html  
   creating: /opt/UniFi/webapps/ROOT/app-unifi/fonts/
   creating: /opt/UniFi/webapps/ROOT/app-unifi/fonts/5.0.7.3093/
   creating: /opt/UniFi/webapps/ROOT/app-unifi/fonts/5.0.7.3093/lato/
   creating: /opt/UniFi/webapps/ROOT/app-unifi/fonts/5.0.7.3093/lato/fonts/
  inflating: /opt/UniFi/webapps/ROOT/app-unifi/fonts/5.0.7.3093/lato/fonts/lato-100-normal.eot  
  inflating: /opt/UniFi/webapps/ROOT/app-unifi/fonts/5.0.7.3093/lato/fonts/lato-100-normal.svg  
  inflating: /opt/UniFi/webapps/ROOT/app-unifi/fonts/5.0.7.3093/lato/fonts/lato-100-normal.ttf  
  inflating: /opt/UniFi/webapps/ROOT/app-unifi/fonts/5.0.7.3093/lato/fonts/lato-100-normal.woff  
  inflating: /opt/UniFi/webapps/ROOT/app-unifi/fonts/5.0.7.3093/lato/fonts/lato-100-normal.woff2  
  inflating: /opt/UniFi/webapps/ROOT/app-unifi/fonts/5.0.7.3093/lato/fonts/lato-300-normal.eot  
  inflating: /opt/UniFi/webapps/ROOT/app-unifi/fonts/5.0.7.3093/lato/fonts/lato-300-normal.svg  
  inflating: /opt/UniFi/webapps/ROOT/app-unifi/fonts/5.0.7.3093/lato/fonts/lato-300-normal.ttf  
  inflating: /opt/UniFi/webapps/ROOT/app-unifi/fonts/5.0.7.3093/lato/fonts/lato-300-normal.woff  
  inflating: /opt/UniFi/webapps/ROOT/app-unifi/fonts/5.0.7.3093/lato/fonts/lato-300-normal.woff2  
  inflating: /opt/UniFi/webapps/ROOT/app-unifi/fonts/5.0.7.3093/lato/fonts/lato-400-normal.eot  
  inflating: /opt/UniFi/webapps/ROOT/app-unifi/fonts/5.0.7.3093/lato/fonts/lato-400-normal.svg  
  inflating: /opt/UniFi/webapps/ROOT/app-unifi/fonts/5.0.7.3093/lato/fonts/lato-400-normal.ttf  
  inflating: /opt/UniFi/webapps/ROOT/app-unifi/fonts/5.0.7.3093/lato/fonts/lato-400-normal.woff  
  inflating: /opt/UniFi/webapps/ROOT/app-unifi/fonts/5.0.7.3093/lato/fonts/lato-400-normal.woff2  
  inflating: /opt/UniFi/webapps/ROOT/app-unifi/fonts/5.0.7.3093/lato/fonts/lato-700-normal.eot  
  inflating: /opt/UniFi/webapps/ROOT/app-unifi/fonts/5.0.7.3093/lato/fonts/lato-700-normal.svg  
  inflating: /opt/UniFi/webapps/ROOT/app-unifi/fonts/5.0.7.3093/lato/fonts/lato-700-normal.ttf  
  inflating: /opt/UniFi/webapps/ROOT/app-unifi/fonts/5.0.7.3093/lato/fonts/lato-700-normal.woff  
  inflating: /opt/UniFi/webapps/ROOT/app-unifi/fonts/5.0.7.3093/lato/fonts/lato-700-normal.woff2  
  inflating: /opt/UniFi/webapps/ROOT/app-unifi/fonts/5.0.7.3093/lato/fonts/lato-900-normal.eot  
  inflating: /opt/UniFi/webapps/ROOT/app-unifi/fonts/5.0.7.3093/lato/fonts/lato-900-normal.svg  
  inflating: /opt/UniFi/webapps/ROOT/app-unifi/fonts/5.0.7.3093/lato/fonts/lato-900-normal.ttf  
  inflating: /opt/UniFi/webapps/ROOT/app-unifi/fonts/5.0.7.3093/lato/fonts/lato-900-normal.woff  
  inflating: /opt/UniFi/webapps/ROOT/app-unifi/fonts/5.0.7.3093/lato/fonts/lato-900-normal.woff2  
  inflating: /opt/UniFi/webapps/ROOT/app-unifi/fonts/5.0.7.3093/lato/style.css  
   creating: /opt/UniFi/webapps/ROOT/app-unifi/fonts/5.0.7.3093/ubnt-icon/
   creating: /opt/UniFi/webapps/ROOT/app-unifi/fonts/5.0.7.3093/ubnt-icon/fonts/
  inflating: /opt/UniFi/webapps/ROOT/app-unifi/fonts/5.0.7.3093/ubnt-icon/fonts/ubnt.eot  
  inflating: /opt/UniFi/webapps/ROOT/app-unifi/fonts/5.0.7.3093/ubnt-icon/fonts/ubnt.svg  
  inflating: /opt/UniFi/webapps/ROOT/app-unifi/fonts/5.0.7.3093/ubnt-icon/fonts/ubnt.ttf  
  inflating: /opt/UniFi/webapps/ROOT/app-unifi/fonts/5.0.7.3093/ubnt-icon/fonts/ubnt.woff  
  inflating: /opt/UniFi/webapps/ROOT/app-unifi/fonts/5.0.7.3093/ubnt-icon/fonts/ubnt.woff2  
  inflating: /opt/UniFi/webapps/ROOT/app-unifi/fonts/5.0.7.3093/ubnt-icon/style.css  
  inflating: /opt/UniFi/webapps/ROOT/app-unifi/fonts/fontawesome-webfont.eot  
  inflating: /opt/UniFi/webapps/ROOT/app-unifi/fonts/fontawesome-webfont.svg  
  inflating: /opt/UniFi/webapps/ROOT/app-unifi/fonts/fontawesome-webfont.ttf  
  inflating: /opt/UniFi/webapps/ROOT/app-unifi/fonts/fontawesome-webfont.woff  
  inflating: /opt/UniFi/webapps/ROOT/app-unifi/fonts/fontawesome-webfont.woff2  
  inflating: /opt/UniFi/webapps/ROOT/app-unifi/fonts/FontAwesome.otf  
   creating: /opt/UniFi/webapps/ROOT/app-unifi/images/
   creating: /opt/UniFi/webapps/ROOT/app-unifi/images/clients/
 extracting: /opt/UniFi/webapps/ROOT/app-unifi/images/clients/station.png  
  inflating: /opt/UniFi/webapps/ROOT/app-unifi/images/clients/station@2x.png  
   creating: /opt/UniFi/webapps/ROOT/app-unifi/images/devices/
   creating: /opt/UniFi/webapps/ROOT/app-unifi/images/devices/uap/
   creating: /opt/UniFi/webapps/ROOT/app-unifi/images/devices/uap/BZ2/
  inflating: /opt/UniFi/webapps/ROOT/app-unifi/images/devices/uap/BZ2/danger.png  
  inflating: /opt/UniFi/webapps/ROOT/app-unifi/images/devices/uap/BZ2/danger@2x.png  
  inflating: /opt/UniFi/webapps/ROOT/app-unifi/images/devices/uap/BZ2/static.png  
  inflating: /opt/UniFi/webapps/ROOT/app-unifi/images/devices/uap/BZ2/static@2x.png  
 extracting: /opt/UniFi/webapps/ROOT/app-unifi/images/devices/uap/BZ2/success.png  
  inflating: /opt/UniFi/webapps/ROOT/app-unifi/images/devices/uap/BZ2/success@2x.png  
   creating: /opt/UniFi/webapps/ROOT/app-unifi/images/devices/uap/default/
  inflating: /opt/UniFi/webapps/ROOT/app-unifi/images/devices/uap/default/danger.png  
  inflating: /opt/UniFi/webapps/ROOT/app-unifi/images/devices/uap/default/danger@2x.png  
  inflating: /opt/UniFi/webapps/ROOT/app-unifi/images/devices/uap/default/static.png  
  inflating: /opt/UniFi/webapps/ROOT/app-unifi/images/devices/uap/default/static@2x.png  
 extracting: /opt/UniFi/webapps/ROOT/app-unifi/images/devices/uap/default/success.png  
  inflating: /opt/UniFi/webapps/ROOT/app-unifi/images/devices/uap/default/success@2x.png  
   creating: /opt/UniFi/webapps/ROOT/app-unifi/images/devices/uap/missing/
  inflating: /opt/UniFi/webapps/ROOT/app-unifi/images/devices/uap/missing/danger.png  
  inflating: /opt/UniFi/webapps/ROOT/app-unifi/images/devices/uap/missing/danger@2x.png  
  inflating: /opt/UniFi/webapps/ROOT/app-unifi/images/devices/uap/missing/static.png  
  inflating: /opt/UniFi/webapps/ROOT/app-unifi/images/devices/uap/missing/static@2x.png  
  inflating: /opt/UniFi/webapps/ROOT/app-unifi/images/devices/uap/missing/success.png  
  inflating: /opt/UniFi/webapps/ROOT/app-unifi/images/devices/uap/missing/success@2x.png  
   creating: /opt/UniFi/webapps/ROOT/app-unifi/images/devices/uap/p2N/
 extracting: /opt/UniFi/webapps/ROOT/app-unifi/images/devices/uap/p2N/danger.png  
  inflating: /opt/UniFi/webapps/ROOT/app-unifi/images/devices/uap/p2N/danger@2x.png  
  inflating: /opt/UniFi/webapps/ROOT/app-unifi/images/devices/uap/p2N/static.png  
  inflating: /opt/UniFi/webapps/ROOT/app-unifi/images/devices/uap/p2N/static@2x.png  
 extracting: /opt/UniFi/webapps/ROOT/app-unifi/images/devices/uap/p2N/success.png  
 extracting: /opt/UniFi/webapps/ROOT/app-unifi/images/devices/uap/p2N/success@2x.png  
   creating: /opt/UniFi/webapps/ROOT/app-unifi/images/devices/uap/U2HSR/
 extracting: /opt/UniFi/webapps/ROOT/app-unifi/images/devices/uap/U2HSR/danger.png  
 extracting: /opt/UniFi/webapps/ROOT/app-unifi/images/devices/uap/U2HSR/danger@2x.png  
 extracting: /opt/UniFi/webapps/ROOT/app-unifi/images/devices/uap/U2HSR/static.png  
 extracting: /opt/UniFi/webapps/ROOT/app-unifi/images/devices/uap/U2HSR/static@2x.png  
 extracting: /opt/UniFi/webapps/ROOT/app-unifi/images/devices/uap/U2HSR/success.png  
 extracting: /opt/UniFi/webapps/ROOT/app-unifi/images/devices/uap/U2HSR/success@2x.png  
   creating: /opt/UniFi/webapps/ROOT/app-unifi/images/devices/uap/U2IW/
 extracting: /opt/UniFi/webapps/ROOT/app-unifi/images/devices/uap/U2IW/danger.png  
 extracting: /opt/UniFi/webapps/ROOT/app-unifi/images/devices/uap/U2IW/danger@2x.png  
 extracting: /opt/UniFi/webapps/ROOT/app-unifi/images/devices/uap/U2IW/static.png  
 extracting: /opt/UniFi/webapps/ROOT/app-unifi/images/devices/uap/U2IW/static@2x.png  
 extracting: /opt/UniFi/webapps/ROOT/app-unifi/images/devices/uap/U2IW/success.png  
 extracting: /opt/UniFi/webapps/ROOT/app-unifi/images/devices/uap/U2IW/success@2x.png  
   creating: /opt/UniFi/webapps/ROOT/app-unifi/images/devices/uap/U2O/
 extracting: /opt/UniFi/webapps/ROOT/app-unifi/images/devices/uap/U2O/danger.png  
 extracting: /opt/UniFi/webapps/ROOT/app-unifi/images/devices/uap/U2O/danger@2x.png  
 extracting: /opt/UniFi/webapps/ROOT/app-unifi/images/devices/uap/U2O/static.png  
 extracting: /opt/UniFi/webapps/ROOT/app-unifi/images/devices/uap/U2O/static@2x.png  
 extracting: /opt/UniFi/webapps/ROOT/app-unifi/images/devices/uap/U2O/success.png  
 extracting: /opt/UniFi/webapps/ROOT/app-unifi/images/devices/uap/U2O/success@2x.png  
   creating: /opt/UniFi/webapps/ROOT/app-unifi/images/devices/uap/U7E/
 extracting: /opt/UniFi/webapps/ROOT/app-unifi/images/devices/uap/U7E/danger.png  
 extracting: /opt/UniFi/webapps/ROOT/app-unifi/images/devices/uap/U7E/danger@2x.png  
 extracting: /opt/UniFi/webapps/ROOT/app-unifi/images/devices/uap/U7E/static.png  
 extracting: /opt/UniFi/webapps/ROOT/app-unifi/images/devices/uap/U7E/static@2x.png  
 extracting: /opt/UniFi/webapps/ROOT/app-unifi/images/devices/uap/U7E/success.png  
 extracting: /opt/UniFi/webapps/ROOT/app-unifi/images/devices/uap/U7E/success@2x.png  
   creating: /opt/UniFi/webapps/ROOT/app-unifi/images/devices/uap/U7EDU/
  inflating: /opt/UniFi/webapps/ROOT/app-unifi/images/devices/uap/U7EDU/danger.png  
  inflating: /opt/UniFi/webapps/ROOT/app-unifi/images/devices/uap/U7EDU/danger@2x.png  
  inflating: /opt/UniFi/webapps/ROOT/app-unifi/images/devices/uap/U7EDU/static.png  
  inflating: /opt/UniFi/webapps/ROOT/app-unifi/images/devices/uap/U7EDU/static@2x.png  
  inflating: /opt/UniFi/webapps/ROOT/app-unifi/images/devices/uap/U7EDU/success.png  
  inflating: /opt/UniFi/webapps/ROOT/app-unifi/images/devices/uap/U7EDU/success@2x.png  
   creating: /opt/UniFi/webapps/ROOT/app-unifi/images/devices/uap/U7O/
 extracting: /opt/UniFi/webapps/ROOT/app-unifi/images/devices/uap/U7O/danger.png  
 extracting: /opt/UniFi/webapps/ROOT/app-unifi/images/devices/uap/U7O/danger@2x.png  
 extracting: /opt/UniFi/webapps/ROOT/app-unifi/images/devices/uap/U7O/static.png  
 extracting: /opt/UniFi/webapps/ROOT/app-unifi/images/devices/uap/U7O/static@2x.png  
 extracting: /opt/UniFi/webapps/ROOT/app-unifi/images/devices/uap/U7O/success.png  
 extracting: /opt/UniFi/webapps/ROOT/app-unifi/images/devices/uap/U7O/success@2x.png  
   creating: /opt/UniFi/webapps/ROOT/app-unifi/images/devices/uap/U7PC/
  inflating: /opt/UniFi/webapps/ROOT/app-unifi/images/devices/uap/U7PC/danger.png  
  inflating: /opt/UniFi/webapps/ROOT/app-unifi/images/devices/uap/U7PC/danger@2x.png  
  inflating: /opt/UniFi/webapps/ROOT/app-unifi/images/devices/uap/U7PC/static.png  
  inflating: /opt/UniFi/webapps/ROOT/app-unifi/images/devices/uap/U7PC/static@2x.png  
  inflating: /opt/UniFi/webapps/ROOT/app-unifi/images/devices/uap/U7PC/success.png  
  inflating: /opt/UniFi/webapps/ROOT/app-unifi/images/devices/uap/U7PC/success@2x.png  
   creating: /opt/UniFi/webapps/ROOT/app-unifi/images/devices/ugw/
   creating: /opt/UniFi/webapps/ROOT/app-unifi/images/devices/ugw/UGW3/
  inflating: /opt/UniFi/webapps/ROOT/app-unifi/images/devices/ugw/UGW3/danger.png  
  inflating: /opt/UniFi/webapps/ROOT/app-unifi/images/devices/ugw/UGW3/danger@2x.png  
  inflating: /opt/UniFi/webapps/ROOT/app-unifi/images/devices/ugw/UGW3/static.png  
  inflating: /opt/UniFi/webapps/ROOT/app-unifi/images/devices/ugw/UGW3/static@2x.png  
  inflating: /opt/UniFi/webapps/ROOT/app-unifi/images/devices/ugw/UGW3/success.png  
  inflating: /opt/UniFi/webapps/ROOT/app-unifi/images/devices/ugw/UGW3/success@2x.png  
   creating: /opt/UniFi/webapps/ROOT/app-unifi/images/devices/ugw/UGW4/
 extracting: /opt/UniFi/webapps/ROOT/app-unifi/images/devices/ugw/UGW4/danger.png  
 extracting: /opt/UniFi/webapps/ROOT/app-unifi/images/devices/ugw/UGW4/danger@2x.png  
 extracting: /opt/UniFi/webapps/ROOT/app-unifi/images/devices/ugw/UGW4/static.png  
 extracting: /opt/UniFi/webapps/ROOT/app-unifi/images/devices/ugw/UGW4/static@2x.png  
 extracting: /opt/UniFi/webapps/ROOT/app-unifi/images/devices/ugw/UGW4/success.png  
 extracting: /opt/UniFi/webapps/ROOT/app-unifi/images/devices/ugw/UGW4/success@2x.png  
   creating: /opt/UniFi/webapps/ROOT/app-unifi/images/devices/ugw/UGW8/
  inflating: /opt/UniFi/webapps/ROOT/app-unifi/images/devices/ugw/UGW8/danger.png  
  inflating: /opt/UniFi/webapps/ROOT/app-unifi/images/devices/ugw/UGW8/danger@2x.png  
  inflating: /opt/UniFi/webapps/ROOT/app-unifi/images/devices/ugw/UGW8/static.png  
  inflating: /opt/UniFi/webapps/ROOT/app-unifi/images/devices/ugw/UGW8/static@2x.png  
  inflating: /opt/UniFi/webapps/ROOT/app-unifi/images/devices/ugw/UGW8/success.png  
 extracting: /opt/UniFi/webapps/ROOT/app-unifi/images/devices/ugw/UGW8/success@2x.png  
   creating: /opt/UniFi/webapps/ROOT/app-unifi/images/devices/uph/
   creating: /opt/UniFi/webapps/ROOT/app-unifi/images/devices/uph/UP5/
  inflating: /opt/UniFi/webapps/ROOT/app-unifi/images/devices/uph/UP5/static.png  
 extracting: /opt/UniFi/webapps/ROOT/app-unifi/images/devices/uph/UP5/static@2x.png  
   creating: /opt/UniFi/webapps/ROOT/app-unifi/images/devices/uph/UP5c/
  inflating: /opt/UniFi/webapps/ROOT/app-unifi/images/devices/uph/UP5c/static.png  
 extracting: /opt/UniFi/webapps/ROOT/app-unifi/images/devices/uph/UP5c/static@2x.png  
   creating: /opt/UniFi/webapps/ROOT/app-unifi/images/devices/uph/UP5t/
  inflating: /opt/UniFi/webapps/ROOT/app-unifi/images/devices/uph/UP5t/static.png  
 extracting: /opt/UniFi/webapps/ROOT/app-unifi/images/devices/uph/UP5t/static@2x.png  
   creating: /opt/UniFi/webapps/ROOT/app-unifi/images/devices/uph/UP5tc/
  inflating: /opt/UniFi/webapps/ROOT/app-unifi/images/devices/uph/UP5tc/static.png  
 extracting: /opt/UniFi/webapps/ROOT/app-unifi/images/devices/uph/UP5tc/static@2x.png  
   creating: /opt/UniFi/webapps/ROOT/app-unifi/images/devices/uph/UP7/
  inflating: /opt/UniFi/webapps/ROOT/app-unifi/images/devices/uph/UP7/static.png  
  inflating: /opt/UniFi/webapps/ROOT/app-unifi/images/devices/uph/UP7/static@2x.png  
   creating: /opt/UniFi/webapps/ROOT/app-unifi/images/devices/uph/UP7c/
  inflating: /opt/UniFi/webapps/ROOT/app-unifi/images/devices/uph/UP7c/static.png  
  inflating: /opt/UniFi/webapps/ROOT/app-unifi/images/devices/uph/UP7c/static@2x.png  
   creating: /opt/UniFi/webapps/ROOT/app-unifi/images/devices/usw/
   creating: /opt/UniFi/webapps/ROOT/app-unifi/images/devices/usw/US16/
  inflating: /opt/UniFi/webapps/ROOT/app-unifi/images/devices/usw/US16/danger.png  
  inflating: /opt/UniFi/webapps/ROOT/app-unifi/images/devices/usw/US16/danger@2x.png  
  inflating: /opt/UniFi/webapps/ROOT/app-unifi/images/devices/usw/US16/static.png  
  inflating: /opt/UniFi/webapps/ROOT/app-unifi/images/devices/usw/US16/static@2x.png  
  inflating: /opt/UniFi/webapps/ROOT/app-unifi/images/devices/usw/US16/success.png  
 extracting: /opt/UniFi/webapps/ROOT/app-unifi/images/devices/usw/US16/success@2x.png  
   creating: /opt/UniFi/webapps/ROOT/app-unifi/images/devices/usw/US24/
  inflating: /opt/UniFi/webapps/ROOT/app-unifi/images/devices/usw/US24/danger.png  
 extracting: /opt/UniFi/webapps/ROOT/app-unifi/images/devices/usw/US24/danger@2x.png  
  inflating: /opt/UniFi/webapps/ROOT/app-unifi/images/devices/usw/US24/static.png  
  inflating: /opt/UniFi/webapps/ROOT/app-unifi/images/devices/usw/US24/static@2x.png  
  inflating: /opt/UniFi/webapps/ROOT/app-unifi/images/devices/usw/US24/success.png  
  inflating: /opt/UniFi/webapps/ROOT/app-unifi/images/devices/usw/US24/success@2x.png  
   creating: /opt/UniFi/webapps/ROOT/app-unifi/images/devices/usw/US48/
  inflating: /opt/UniFi/webapps/ROOT/app-unifi/images/devices/usw/US48/danger.png  
  inflating: /opt/UniFi/webapps/ROOT/app-unifi/images/devices/usw/US48/danger@2x.png  
  inflating: /opt/UniFi/webapps/ROOT/app-unifi/images/devices/usw/US48/static.png  
  inflating: /opt/UniFi/webapps/ROOT/app-unifi/images/devices/usw/US48/static@2x.png  
  inflating: /opt/UniFi/webapps/ROOT/app-unifi/images/devices/usw/US48/success.png  
 extracting: /opt/UniFi/webapps/ROOT/app-unifi/images/devices/usw/US48/success@2x.png  
   creating: /opt/UniFi/webapps/ROOT/app-unifi/images/devices/usw/US8/
  inflating: /opt/UniFi/webapps/ROOT/app-unifi/images/devices/usw/US8/danger.png  
  inflating: /opt/UniFi/webapps/ROOT/app-unifi/images/devices/usw/US8/danger@2x.png  
  inflating: /opt/UniFi/webapps/ROOT/app-unifi/images/devices/usw/US8/static.png  
  inflating: /opt/UniFi/webapps/ROOT/app-unifi/images/devices/usw/US8/static@2x.png  
  inflating: /opt/UniFi/webapps/ROOT/app-unifi/images/devices/usw/US8/success.png  
 extracting: /opt/UniFi/webapps/ROOT/app-unifi/images/devices/usw/US8/success@2x.png  
   creating: /opt/UniFi/webapps/ROOT/app-unifi/images/diagrams/
  inflating: /opt/UniFi/webapps/ROOT/app-unifi/images/diagrams/port-discarding.svg  
  inflating: /opt/UniFi/webapps/ROOT/app-unifi/images/diagrams/port-mirror.svg  
  inflating: /opt/UniFi/webapps/ROOT/app-unifi/images/diagrams/port-poe.svg  
  inflating: /opt/UniFi/webapps/ROOT/app-unifi/images/diagrams/port-spacer.png  
   creating: /opt/UniFi/webapps/ROOT/app-unifi/images/dpi/
   creating: /opt/UniFi/webapps/ROOT/app-unifi/images/dpi/amazon.com/
  inflating: /opt/UniFi/webapps/ROOT/app-unifi/images/dpi/amazon.com/favicon.ico  
   creating: /opt/UniFi/webapps/ROOT/app-unifi/images/dpi/aol.com/
  inflating: /opt/UniFi/webapps/ROOT/app-unifi/images/dpi/aol.com/favicon.ico  
   creating: /opt/UniFi/webapps/ROOT/app-unifi/images/dpi/apple.com/
  inflating: /opt/UniFi/webapps/ROOT/app-unifi/images/dpi/apple.com/favicon.ico  
   creating: /opt/UniFi/webapps/ROOT/app-unifi/images/dpi/bankofamerica.com/
  inflating: /opt/UniFi/webapps/ROOT/app-unifi/images/dpi/bankofamerica.com/favicon.ico  
   creating: /opt/UniFi/webapps/ROOT/app-unifi/images/dpi/bing.com/
  inflating: /opt/UniFi/webapps/ROOT/app-unifi/images/dpi/bing.com/favicon.ico  
   creating: /opt/UniFi/webapps/ROOT/app-unifi/images/dpi/chase.com/
  inflating: /opt/UniFi/webapps/ROOT/app-unifi/images/dpi/chase.com/favicon.ico  
   creating: /opt/UniFi/webapps/ROOT/app-unifi/images/dpi/cnn.com/
  inflating: /opt/UniFi/webapps/ROOT/app-unifi/images/dpi/cnn.com/favicon.ico  
   creating: /opt/UniFi/webapps/ROOT/app-unifi/images/dpi/comcast.com/
  inflating: /opt/UniFi/webapps/ROOT/app-unifi/images/dpi/comcast.com/favicon.ico  
   creating: /opt/UniFi/webapps/ROOT/app-unifi/images/dpi/craigslist.com/
  inflating: /opt/UniFi/webapps/ROOT/app-unifi/images/dpi/craigslist.com/favicon.ico  
   creating: /opt/UniFi/webapps/ROOT/app-unifi/images/dpi/ebay.com/
  inflating: /opt/UniFi/webapps/ROOT/app-unifi/images/dpi/ebay.com/favicon.ico  
   creating: /opt/UniFi/webapps/ROOT/app-unifi/images/dpi/espn.go.com/
  inflating: /opt/UniFi/webapps/ROOT/app-unifi/images/dpi/espn.go.com/favicon.ico  
   creating: /opt/UniFi/webapps/ROOT/app-unifi/images/dpi/facebook.com/
  inflating: /opt/UniFi/webapps/ROOT/app-unifi/images/dpi/facebook.com/favicon.ico  
   creating: /opt/UniFi/webapps/ROOT/app-unifi/images/dpi/google.com/
  inflating: /opt/UniFi/webapps/ROOT/app-unifi/images/dpi/google.com/favicon.ico  
   creating: /opt/UniFi/webapps/ROOT/app-unifi/images/dpi/huffingtonpost.com/
  inflating: /opt/UniFi/webapps/ROOT/app-unifi/images/dpi/huffingtonpost.com/favicon.ico  
   creating: /opt/UniFi/webapps/ROOT/app-unifi/images/dpi/imdb.com/
  inflating: /opt/UniFi/webapps/ROOT/app-unifi/images/dpi/imdb.com/favicon.ico  
   creating: /opt/UniFi/webapps/ROOT/app-unifi/images/dpi/imgur.com/
  inflating: /opt/UniFi/webapps/ROOT/app-unifi/images/dpi/imgur.com/favicon.ico  
   creating: /opt/UniFi/webapps/ROOT/app-unifi/images/dpi/instagram.com/
  inflating: /opt/UniFi/webapps/ROOT/app-unifi/images/dpi/instagram.com/favicon.ico  
   creating: /opt/UniFi/webapps/ROOT/app-unifi/images/dpi/linkedin.com/
  inflating: /opt/UniFi/webapps/ROOT/app-unifi/images/dpi/linkedin.com/favicon.ico  
   creating: /opt/UniFi/webapps/ROOT/app-unifi/images/dpi/microsoft.com/
  inflating: /opt/UniFi/webapps/ROOT/app-unifi/images/dpi/microsoft.com/favicon.ico  
   creating: /opt/UniFi/webapps/ROOT/app-unifi/images/dpi/msdn.com/
  inflating: /opt/UniFi/webapps/ROOT/app-unifi/images/dpi/msdn.com/favicon.ico  
   creating: /opt/UniFi/webapps/ROOT/app-unifi/images/dpi/msn.com/
  inflating: /opt/UniFi/webapps/ROOT/app-unifi/images/dpi/msn.com/favicon.ico  
   creating: /opt/UniFi/webapps/ROOT/app-unifi/images/dpi/netflix.com/
  inflating: /opt/UniFi/webapps/ROOT/app-unifi/images/dpi/netflix.com/favicon.ico  
   creating: /opt/UniFi/webapps/ROOT/app-unifi/images/dpi/paypal.com/
 extracting: /opt/UniFi/webapps/ROOT/app-unifi/images/dpi/paypal.com/favicon.ico  
   creating: /opt/UniFi/webapps/ROOT/app-unifi/images/dpi/pinterest.com/
  inflating: /opt/UniFi/webapps/ROOT/app-unifi/images/dpi/pinterest.com/favicon.ico  
   creating: /opt/UniFi/webapps/ROOT/app-unifi/images/dpi/reddit.com/
  inflating: /opt/UniFi/webapps/ROOT/app-unifi/images/dpi/reddit.com/favicon.ico  
   creating: /opt/UniFi/webapps/ROOT/app-unifi/images/dpi/target.com/
  inflating: /opt/UniFi/webapps/ROOT/app-unifi/images/dpi/target.com/favicon.ico  
   creating: /opt/UniFi/webapps/ROOT/app-unifi/images/dpi/tumblr.com/
  inflating: /opt/UniFi/webapps/ROOT/app-unifi/images/dpi/tumblr.com/favicon.ico  
   creating: /opt/UniFi/webapps/ROOT/app-unifi/images/dpi/twitter.com/
  inflating: /opt/UniFi/webapps/ROOT/app-unifi/images/dpi/twitter.com/favicon.ico  
   creating: /opt/UniFi/webapps/ROOT/app-unifi/images/dpi/wellsfargo.com/
  inflating: /opt/UniFi/webapps/ROOT/app-unifi/images/dpi/wellsfargo.com/favicon.ico  
   creating: /opt/UniFi/webapps/ROOT/app-unifi/images/dpi/wikia.com/
  inflating: /opt/UniFi/webapps/ROOT/app-unifi/images/dpi/wikia.com/favicon.ico  
   creating: /opt/UniFi/webapps/ROOT/app-unifi/images/dpi/wikipedia.com/
  inflating: /opt/UniFi/webapps/ROOT/app-unifi/images/dpi/wikipedia.com/favicon.ico  
   creating: /opt/UniFi/webapps/ROOT/app-unifi/images/dpi/wordpress.com/
  inflating: /opt/UniFi/webapps/ROOT/app-unifi/images/dpi/wordpress.com/favicon.ico  
   creating: /opt/UniFi/webapps/ROOT/app-unifi/images/dpi/yahoo.com/
  inflating: /opt/UniFi/webapps/ROOT/app-unifi/images/dpi/yahoo.com/favicon.ico  
   creating: /opt/UniFi/webapps/ROOT/app-unifi/images/dpi/yelp.com/
  inflating: /opt/UniFi/webapps/ROOT/app-unifi/images/dpi/yelp.com/favicon.ico  
   creating: /opt/UniFi/webapps/ROOT/app-unifi/images/dpi/youtube.com/
  inflating: /opt/UniFi/webapps/ROOT/app-unifi/images/dpi/youtube.com/favicon.ico  
   creating: /opt/UniFi/webapps/ROOT/app-unifi/images/dpi/zillow.com/
  inflating: /opt/UniFi/webapps/ROOT/app-unifi/images/dpi/zillow.com/favicon.ico  
   creating: /opt/UniFi/webapps/ROOT/app-unifi/images/favicons/
  inflating: /opt/UniFi/webapps/ROOT/app-unifi/images/favicons/favicon-120.png  
  inflating: /opt/UniFi/webapps/ROOT/app-unifi/images/favicons/favicon-144.png  
  inflating: /opt/UniFi/webapps/ROOT/app-unifi/images/favicons/favicon-152.png  
  inflating: /opt/UniFi/webapps/ROOT/app-unifi/images/favicons/favicon-32.png  
  inflating: /opt/UniFi/webapps/ROOT/app-unifi/images/favicons/favicon-57.png  
  inflating: /opt/UniFi/webapps/ROOT/app-unifi/images/favicons/favicon-72.png  
  inflating: /opt/UniFi/webapps/ROOT/app-unifi/images/favicons/favicon.ico  
  inflating: /opt/UniFi/webapps/ROOT/app-unifi/index.hotspot.html  
  inflating: /opt/UniFi/webapps/ROOT/app-unifi/index.html  
  inflating: /opt/UniFi/webapps/ROOT/app-unifi/index.overview.html  
  inflating: /opt/UniFi/webapps/ROOT/app-unifi/index.wizard.html  
   creating: /opt/UniFi/webapps/ROOT/app-unifi/js/
  inflating: /opt/UniFi/webapps/ROOT/app-unifi/js/app.hotspot.js  
  inflating: /opt/UniFi/webapps/ROOT/app-unifi/js/app.manage.js  
  inflating: /opt/UniFi/webapps/ROOT/app-unifi/js/app.overview.js  
  inflating: /opt/UniFi/webapps/ROOT/app-unifi/js/app.wizard.js  
  inflating: /opt/UniFi/webapps/ROOT/app-unifi/js/components.hotspot.js  
  inflating: /opt/UniFi/webapps/ROOT/app-unifi/js/components.manage.js  
  inflating: /opt/UniFi/webapps/ROOT/app-unifi/js/components.overview.js  
  inflating: /opt/UniFi/webapps/ROOT/app-unifi/js/components.wizard.js  
  inflating: /opt/UniFi/webapps/ROOT/app-unifi/js/main.hotspot.js  
  inflating: /opt/UniFi/webapps/ROOT/app-unifi/js/main.manage.js  
  inflating: /opt/UniFi/webapps/ROOT/app-unifi/js/main.overview.js  
  inflating: /opt/UniFi/webapps/ROOT/app-unifi/js/main.wizard.js  
  inflating: /opt/UniFi/webapps/ROOT/app-unifi/js/vendor.hotspot.js  
  inflating: /opt/UniFi/webapps/ROOT/app-unifi/js/vendor.manage.js  
  inflating: /opt/UniFi/webapps/ROOT/app-unifi/js/vendor.overview.js  
  inflating: /opt/UniFi/webapps/ROOT/app-unifi/js/vendor.wizard.js  
   creating: /opt/UniFi/webapps/ROOT/app-unifi/locales/
   creating: /opt/UniFi/webapps/ROOT/app-unifi/locales/en/
  inflating: /opt/UniFi/webapps/ROOT/app-unifi/locales/en/account.json  
  inflating: /opt/UniFi/webapps/ROOT/app-unifi/locales/en/alerts.json  
  inflating: /opt/UniFi/webapps/ROOT/app-unifi/locales/en/clients.json  
  inflating: /opt/UniFi/webapps/ROOT/app-unifi/locales/en/common.json  
  inflating: /opt/UniFi/webapps/ROOT/app-unifi/locales/en/dashboard.json  
  inflating: /opt/UniFi/webapps/ROOT/app-unifi/locales/en/devices.json  
  inflating: /opt/UniFi/webapps/ROOT/app-unifi/locales/en/dynamicDns.json  
  inflating: /opt/UniFi/webapps/ROOT/app-unifi/locales/en/events.json  
  inflating: /opt/UniFi/webapps/ROOT/app-unifi/locales/en/eventStrings.json  
  inflating: /opt/UniFi/webapps/ROOT/app-unifi/locales/en/guests.json  
  inflating: /opt/UniFi/webapps/ROOT/app-unifi/locales/en/hotspot.json  
  inflating: /opt/UniFi/webapps/ROOT/app-unifi/locales/en/insights.json  
  inflating: /opt/UniFi/webapps/ROOT/app-unifi/locales/en/knownClients.json  
  inflating: /opt/UniFi/webapps/ROOT/app-unifi/locales/en/maps.json  
  inflating: /opt/UniFi/webapps/ROOT/app-unifi/locales/en/modules.json  
  inflating: /opt/UniFi/webapps/ROOT/app-unifi/locales/en/neighboringAccessPoints.json  
  inflating: /opt/UniFi/webapps/ROOT/app-unifi/locales/en/operators.json  
  inflating: /opt/UniFi/webapps/ROOT/app-unifi/locales/en/overview.json  
  inflating: /opt/UniFi/webapps/ROOT/app-unifi/locales/en/pastConnections.json  
  inflating: /opt/UniFi/webapps/ROOT/app-unifi/locales/en/pastGuestAuthorizations.json  
  inflating: /opt/UniFi/webapps/ROOT/app-unifi/locales/en/payments.json  
  inflating: /opt/UniFi/webapps/ROOT/app-unifi/locales/en/portForwardStats.json  
  inflating: /opt/UniFi/webapps/ROOT/app-unifi/locales/en/remoteUserVpn.json  
  inflating: /opt/UniFi/webapps/ROOT/app-unifi/locales/en/settings.json  
  inflating: /opt/UniFi/webapps/ROOT/app-unifi/locales/en/statistics.json  
  inflating: /opt/UniFi/webapps/ROOT/app-unifi/locales/en/streams.json  
  inflating: /opt/UniFi/webapps/ROOT/app-unifi/locales/en/switchStats.json  
  inflating: /opt/UniFi/webapps/ROOT/app-unifi/locales/en/vouchers.json  
  inflating: /opt/UniFi/webapps/ROOT/app-unifi/locales/en/wizard.json  
   creating: /opt/UniFi/webapps/ROOT/pages/
  inflating: /opt/UniFi/webapps/ROOT/pages/voucher.jsp  
   creating: /opt/UniFi/webapps/ROOT/WEB-INF/
  inflating: /opt/UniFi/webapps/ROOT/WEB-INF/resourcerewrite.xml  
  inflating: /opt/UniFi/webapps/ROOT/WEB-INF/urlrewrite.xml  
  inflating: /opt/UniFi/webapps/ROOT/WEB-INF/web.xml  
finishing deferred symbolic links:
  /opt/UniFi/bin/mongod  -> /usr/bin/mongod
 ---> b249220480bc
Removing intermediate container ce500de3ae2e
Step 9 : RUN ln -s /opt/rh/rh-mongodb26/root/usr/bin/mongod /usr/bin/mongod
 ---> Running in 7d5306e316bd
 ---> 9c9e78129e53
Removing intermediate container 7d5306e316bd
Step 10 : EXPOSE 8080/tcp 8443/tcp 3478/udp
 ---> Running in 586b03323d4b
 ---> 70e382e7f7fa
Removing intermediate container 586b03323d4b
Step 11 : VOLUME /opt/UniFi/data
 ---> Running in 540ae6b73212
 ---> 97cc5ed8d041
Removing intermediate container 540ae6b73212
Step 12 : VOLUME /opt/UniFi/logs
 ---> Running in e184378f464c
 ---> 4e676821c04f
Removing intermediate container e184378f464c
Step 13 : WORKDIR /opt/UniFi
 ---> Running in 0c43ebcd3492
 ---> 5200ffda2269
Removing intermediate container 0c43ebcd3492
Step 14 : ENV TZ UTC
 ---> Running in 9711ef71983f
 ---> 9b635ade677e
Removing intermediate container 9711ef71983f
Step 15 : ENV TERM xterm-256color
 ---> Running in 5a4f811d4cb7
 ---> 49fb8622c61b
Removing intermediate container 5a4f811d4cb7
Step 16 : ENTRYPOINT /usr/bin/scl enable rh-mongodb26 --
 ---> Running in 250732afb79b
 ---> dbe0e17831c6
Removing intermediate container 250732afb79b
Step 17 : CMD /usr/bin/java -Xmx1024M -jar lib/ace.jar start
 ---> Running in dbda427cb1e0
 ---> 512124a888d6
Removing intermediate container dbda427cb1e0
Successfully built 512124a888d6
